INFO     2024-08-08 18:12:22,556 Arguments: Namespace(debug=False, verify=False, load='', config='config/mnist.crown-ibp.json', device='cuda', log_interval=1000, seed=None, dir='mnist_pdq_ep1_aug2', model='resnet', loss_fusion=False, num_epochs=70, auto_load=False, method='fast', test_interval=1, plot=False, bound_type='IBP', natural=False, check_nan=False, w_scale_cls=100, multi_gpu=False, no_loss_fusion=False, save_all=False, model_params='', mode='cert', eval=False, complete=False, random_crop=2, num_class=10, no_data_aug=False, test_batch_size=None, batch_size=None, eps=0.0039, min_eps=0, init_eps=None, fix_eps=False, scheduler_name='SmoothedScheduler', scheduler_opts='start=1,length=20', train_eps_mul=1.0, lr=0.0005, lr_decay_factor=0.2, lr_decay_milestones='50,60', opt='Adam', momentum=0.9, grad_norm=10.0, weight_decay=0, grad_acc_steps=1, loss='ce', ls=0.0, reg_obj=['relu', 'tightness'], reg_lambda=0.5, reg=True, vol_reg=False, colt_coeff=0, xiao_reg=False, xiao_coeff=1e-05, l1_coeff=1e-05, min_eps_reg=1e-06, tol=0.5, num_reg_epochs=20, no_reg_dec=False, manual_init=True, init_method='ibp', kaiming_init=False, no_init=False, length=None, lip=False, global_lip=False)
INFO     2024-08-08 18:12:22,556 Loading config file: config/mnist.crown-ibp.json
INFO     2024-08-08 18:12:22,556 config: {"data": "MNIST", "seed": 100, "training_params": {"method": "robust", "batch_size": 64, "num_epochs": 30, "scheduler_name": "SmoothedScheduler", "scheduler_opts": "start=2,length=5", "lr_decay_factor": 0.5, "lr_decay_milestones": ""}, "bound_params": {"eps": 0.0, "bound_opts": {"relu": "adaptive", "exp": "clamp_constant"}, "bound_type": "CROWN-IBP"}, "model": "resnet", "batch_size": 64}
INFO     2024-08-08 18:14:20,595 Arguments: Namespace(debug=False, verify=False, load='', config='config/mnist.crown-ibp.json', device='cuda', log_interval=1000, seed=None, dir='mnist_pdq_ep1_aug2', model='resnet', loss_fusion=False, num_epochs=70, auto_load=False, method='fast', test_interval=1, plot=False, bound_type='IBP', natural=False, check_nan=False, w_scale_cls=100, multi_gpu=False, no_loss_fusion=False, save_all=False, model_params='', mode='cert', eval=False, complete=False, random_crop=2, num_class=10, no_data_aug=False, test_batch_size=None, batch_size=None, eps=0.0039, min_eps=0, init_eps=None, fix_eps=False, scheduler_name='SmoothedScheduler', scheduler_opts='start=1,length=20', train_eps_mul=1.0, lr=0.0005, lr_decay_factor=0.2, lr_decay_milestones='50,60', opt='Adam', momentum=0.9, grad_norm=10.0, weight_decay=0, grad_acc_steps=1, loss='ce', ls=0.0, reg_obj=['relu', 'tightness'], reg_lambda=0.5, reg=True, vol_reg=False, colt_coeff=0, xiao_reg=False, xiao_coeff=1e-05, l1_coeff=1e-05, min_eps_reg=1e-06, tol=0.5, num_reg_epochs=20, no_reg_dec=False, manual_init=True, init_method='ibp', kaiming_init=False, no_init=False, length=None, lip=False, global_lip=False)
INFO     2024-08-08 18:14:20,595 Loading config file: config/mnist.crown-ibp.json
INFO     2024-08-08 18:14:20,595 config: {"data": "MNIST", "seed": 100, "training_params": {"method": "robust", "batch_size": 64, "num_epochs": 30, "scheduler_name": "SmoothedScheduler", "scheduler_opts": "start=2,length=5", "lr_decay_factor": 0.5, "lr_decay_milestones": ""}, "bound_params": {"eps": 0.0, "bound_opts": {"relu": "adaptive", "exp": "clamp_constant"}, "bound_type": "CROWN-IBP"}, "model": "resnet", "batch_size": 64}
INFO     2024-08-08 18:14:20,610 Model structure: 
 DenseSequential(
  (0): Conv2d(1, 16, kernel_size=(3, 3), stride=(1, 1), padding=(3, 3))
  (1): ReLU()
  (2): Dense(
    (Ws): ModuleList(
      (0): Conv2d(16, 16, kernel_size=(3, 3), stride=(1, 1), padding=(1, 1))
    )
  )
  (3): ReLU()
  (4): Dense(
    (Ws): ModuleList(
      (0): Conv2d(16, 16, kernel_size=(1, 1), stride=(1, 1))
      (1): None
      (2): Conv2d(16, 16, kernel_size=(3, 3), stride=(1, 1), padding=(1, 1))
    )
  )
  (5): ReLU()
  (6): Dense(
    (Ws): ModuleList(
      (0): Conv2d(16, 16, kernel_size=(3, 3), stride=(1, 1), padding=(1, 1))
    )
  )
  (7): ReLU()
  (8): Dense(
    (Ws): ModuleList(
      (0): Conv2d(16, 16, kernel_size=(1, 1), stride=(1, 1))
      (1): None
      (2): Conv2d(16, 16, kernel_size=(3, 3), stride=(1, 1), padding=(1, 1))
    )
  )
  (9): ReLU()
  (10): Dense(
    (Ws): ModuleList(
      (0): Conv2d(16, 32, kernel_size=(4, 4), stride=(2, 2), padding=(1, 1))
    )
  )
  (11): ReLU()
  (12): Dense(
    (Ws): ModuleList(
      (0): Conv2d(16, 32, kernel_size=(2, 2), stride=(2, 2))
      (1): None
      (2): Conv2d(32, 32, kernel_size=(3, 3), stride=(1, 1), padding=(1, 1))
    )
  )
  (13): ReLU()
  (14): Dense(
    (Ws): ModuleList(
      (0): Conv2d(32, 64, kernel_size=(4, 4), stride=(2, 2), padding=(1, 1))
    )
  )
  (15): ReLU()
  (16): Dense(
    (Ws): ModuleList(
      (0): Conv2d(32, 64, kernel_size=(2, 2), stride=(2, 2))
      (1): None
      (2): Conv2d(64, 64, kernel_size=(3, 3), stride=(1, 1), padding=(1, 1))
    )
  )
  (17): ReLU()
  (18): Flatten(start_dim=1, end_dim=-1)
  (19): Linear(in_features=4096, out_features=1000, bias=True)
  (20): ReLU()
  (21): Linear(in_features=1000, out_features=256, bias=True)
)
INFO     2024-08-08 18:14:42,295 Arguments: Namespace(debug=False, verify=False, load='', config='config/mnist.crown-ibp.json', device='cuda', log_interval=1000, seed=None, dir='mnist_pdq_ep1_aug2', model='resnet', loss_fusion=False, num_epochs=70, auto_load=False, method='fast', test_interval=1, plot=False, bound_type='IBP', natural=False, check_nan=False, w_scale_cls=100, multi_gpu=False, no_loss_fusion=False, save_all=False, model_params='', mode='cert', eval=False, complete=False, random_crop=2, num_class=10, no_data_aug=False, test_batch_size=None, batch_size=None, eps=0.0039, min_eps=0, init_eps=None, fix_eps=False, scheduler_name='SmoothedScheduler', scheduler_opts='start=1,length=20', train_eps_mul=1.0, lr=0.0005, lr_decay_factor=0.2, lr_decay_milestones='50,60', opt='Adam', momentum=0.9, grad_norm=10.0, weight_decay=0, grad_acc_steps=1, loss='ce', ls=0.0, reg_obj=['relu', 'tightness'], reg_lambda=0.5, reg=True, vol_reg=False, colt_coeff=0, xiao_reg=False, xiao_coeff=1e-05, l1_coeff=1e-05, min_eps_reg=1e-06, tol=0.5, num_reg_epochs=20, no_reg_dec=False, manual_init=True, init_method='ibp', kaiming_init=False, no_init=False, length=None, lip=False, global_lip=False)
INFO     2024-08-08 18:14:42,295 Loading config file: config/mnist.crown-ibp.json
INFO     2024-08-08 18:14:42,295 config: {"data": "MNIST", "seed": 100, "training_params": {"method": "robust", "batch_size": 64, "num_epochs": 30, "scheduler_name": "SmoothedScheduler", "scheduler_opts": "start=2,length=5", "lr_decay_factor": 0.5, "lr_decay_milestones": ""}, "bound_params": {"eps": 0.0, "bound_opts": {"relu": "adaptive", "exp": "clamp_constant"}, "bound_type": "CROWN-IBP"}, "model": "resnet", "batch_size": 64}
INFO     2024-08-08 18:14:42,310 Model structure: 
 DenseSequential(
  (0): Conv2d(1, 16, kernel_size=(3, 3), stride=(1, 1), padding=(3, 3))
  (1): ReLU()
  (2): Dense(
    (Ws): ModuleList(
      (0): Conv2d(16, 16, kernel_size=(3, 3), stride=(1, 1), padding=(1, 1))
    )
  )
  (3): ReLU()
  (4): Dense(
    (Ws): ModuleList(
      (0): Conv2d(16, 16, kernel_size=(1, 1), stride=(1, 1))
      (1): None
      (2): Conv2d(16, 16, kernel_size=(3, 3), stride=(1, 1), padding=(1, 1))
    )
  )
  (5): ReLU()
  (6): Dense(
    (Ws): ModuleList(
      (0): Conv2d(16, 16, kernel_size=(3, 3), stride=(1, 1), padding=(1, 1))
    )
  )
  (7): ReLU()
  (8): Dense(
    (Ws): ModuleList(
      (0): Conv2d(16, 16, kernel_size=(1, 1), stride=(1, 1))
      (1): None
      (2): Conv2d(16, 16, kernel_size=(3, 3), stride=(1, 1), padding=(1, 1))
    )
  )
  (9): ReLU()
  (10): Dense(
    (Ws): ModuleList(
      (0): Conv2d(16, 32, kernel_size=(4, 4), stride=(2, 2), padding=(1, 1))
    )
  )
  (11): ReLU()
  (12): Dense(
    (Ws): ModuleList(
      (0): Conv2d(16, 32, kernel_size=(2, 2), stride=(2, 2))
      (1): None
      (2): Conv2d(32, 32, kernel_size=(3, 3), stride=(1, 1), padding=(1, 1))
    )
  )
  (13): ReLU()
  (14): Dense(
    (Ws): ModuleList(
      (0): Conv2d(32, 64, kernel_size=(4, 4), stride=(2, 2), padding=(1, 1))
    )
  )
  (15): ReLU()
  (16): Dense(
    (Ws): ModuleList(
      (0): Conv2d(32, 64, kernel_size=(2, 2), stride=(2, 2))
      (1): None
      (2): Conv2d(64, 64, kernel_size=(3, 3), stride=(1, 1), padding=(1, 1))
    )
  )
  (17): ReLU()
  (18): Flatten(start_dim=1, end_dim=-1)
  (19): Linear(in_features=4096, out_features=1000, bias=True)
  (20): ReLU()
  (21): Linear(in_features=1000, out_features=256, bias=True)
)
INFO     2024-08-08 18:14:44,686 Parameter shapes: [torch.Size([16, 1, 3, 3]), torch.Size([16]), torch.Size([16, 16, 3, 3]), torch.Size([16]), torch.Size([16, 16, 1, 1]), torch.Size([16]), torch.Size([16, 16, 3, 3]), torch.Size([16]), torch.Size([16, 16, 3, 3]), torch.Size([16]), torch.Size([16, 16, 1, 1]), torch.Size([16]), torch.Size([16, 16, 3, 3]), torch.Size([16]), torch.Size([32, 16, 4, 4]), torch.Size([32]), torch.Size([32, 16, 2, 2]), torch.Size([32]), torch.Size([32, 32, 3, 3]), torch.Size([32]), torch.Size([64, 32, 4, 4]), torch.Size([64]), torch.Size([64, 32, 2, 2]), torch.Size([64]), torch.Size([64, 64, 3, 3]), torch.Size([64]), torch.Size([1000, 4096]), torch.Size([1000]), torch.Size([256, 1000]), torch.Size([256])]
INFO     2024-08-08 18:14:44,686 Optimizer Adam (
Parameter Group 0
    amsgrad: False
    betas: (0.9, 0.999)
    eps: 1e-08
    lr: 0.0005
    maximize: False
    weight_decay: 0
)
INFO     2024-08-08 18:14:44,686 Epoch 1, learning rate [0.0005], dir mnist_pdq_ep1_aug2
INFO     2024-08-08 18:16:16,806 Arguments: Namespace(debug=False, verify=False, load='', config='config/mnist.crown-ibp.json', device='cuda', log_interval=1000, seed=None, dir='mnist_pdq_ep1_aug2', model='resnet', loss_fusion=False, num_epochs=70, auto_load=False, method='fast', test_interval=1, plot=False, bound_type='IBP', natural=False, check_nan=False, w_scale_cls=100, multi_gpu=False, no_loss_fusion=False, save_all=False, model_params='', mode='cert', eval=False, complete=False, random_crop=2, num_class=10, no_data_aug=False, test_batch_size=None, batch_size=None, eps=0.0039, min_eps=0, init_eps=None, fix_eps=False, scheduler_name='SmoothedScheduler', scheduler_opts='start=1,length=20', train_eps_mul=1.0, lr=0.0005, lr_decay_factor=0.2, lr_decay_milestones='50,60', opt='Adam', momentum=0.9, grad_norm=10.0, weight_decay=0, grad_acc_steps=1, loss='ce', ls=0.0, reg_obj=['relu', 'tightness'], reg_lambda=0.5, reg=True, vol_reg=False, colt_coeff=0, xiao_reg=False, xiao_coeff=1e-05, l1_coeff=1e-05, min_eps_reg=1e-06, tol=0.5, num_reg_epochs=20, no_reg_dec=False, manual_init=True, init_method='ibp', kaiming_init=False, no_init=False, length=None, lip=False, global_lip=False)
INFO     2024-08-08 18:16:16,806 Loading config file: config/mnist.crown-ibp.json
INFO     2024-08-08 18:16:16,806 config: {"data": "MNIST", "seed": 100, "training_params": {"method": "robust", "batch_size": 64, "num_epochs": 30, "scheduler_name": "SmoothedScheduler", "scheduler_opts": "start=2,length=5", "lr_decay_factor": 0.5, "lr_decay_milestones": ""}, "bound_params": {"eps": 0.0, "bound_opts": {"relu": "adaptive", "exp": "clamp_constant"}, "bound_type": "CROWN-IBP"}, "model": "resnet", "batch_size": 64}
INFO     2024-08-08 18:16:16,821 Model structure: 
 DenseSequential(
  (0): Conv2d(1, 16, kernel_size=(3, 3), stride=(1, 1), padding=(3, 3))
  (1): ReLU()
  (2): Dense(
    (Ws): ModuleList(
      (0): Conv2d(16, 16, kernel_size=(3, 3), stride=(1, 1), padding=(1, 1))
    )
  )
  (3): ReLU()
  (4): Dense(
    (Ws): ModuleList(
      (0): Conv2d(16, 16, kernel_size=(1, 1), stride=(1, 1))
      (1): None
      (2): Conv2d(16, 16, kernel_size=(3, 3), stride=(1, 1), padding=(1, 1))
    )
  )
  (5): ReLU()
  (6): Dense(
    (Ws): ModuleList(
      (0): Conv2d(16, 16, kernel_size=(3, 3), stride=(1, 1), padding=(1, 1))
    )
  )
  (7): ReLU()
  (8): Dense(
    (Ws): ModuleList(
      (0): Conv2d(16, 16, kernel_size=(1, 1), stride=(1, 1))
      (1): None
      (2): Conv2d(16, 16, kernel_size=(3, 3), stride=(1, 1), padding=(1, 1))
    )
  )
  (9): ReLU()
  (10): Dense(
    (Ws): ModuleList(
      (0): Conv2d(16, 32, kernel_size=(4, 4), stride=(2, 2), padding=(1, 1))
    )
  )
  (11): ReLU()
  (12): Dense(
    (Ws): ModuleList(
      (0): Conv2d(16, 32, kernel_size=(2, 2), stride=(2, 2))
      (1): None
      (2): Conv2d(32, 32, kernel_size=(3, 3), stride=(1, 1), padding=(1, 1))
    )
  )
  (13): ReLU()
  (14): Dense(
    (Ws): ModuleList(
      (0): Conv2d(32, 64, kernel_size=(4, 4), stride=(2, 2), padding=(1, 1))
    )
  )
  (15): ReLU()
  (16): Dense(
    (Ws): ModuleList(
      (0): Conv2d(32, 64, kernel_size=(2, 2), stride=(2, 2))
      (1): None
      (2): Conv2d(64, 64, kernel_size=(3, 3), stride=(1, 1), padding=(1, 1))
    )
  )
  (17): ReLU()
  (18): Flatten(start_dim=1, end_dim=-1)
  (19): Linear(in_features=4096, out_features=1000, bias=True)
  (20): ReLU()
  (21): Linear(in_features=1000, out_features=256, bias=True)
)
INFO     2024-08-08 18:16:20,141 Parameter shapes: [torch.Size([16, 1, 3, 3]), torch.Size([16]), torch.Size([16, 16, 3, 3]), torch.Size([16]), torch.Size([16, 16, 1, 1]), torch.Size([16]), torch.Size([16, 16, 3, 3]), torch.Size([16]), torch.Size([16, 16, 3, 3]), torch.Size([16]), torch.Size([16, 16, 1, 1]), torch.Size([16]), torch.Size([16, 16, 3, 3]), torch.Size([16]), torch.Size([32, 16, 4, 4]), torch.Size([32]), torch.Size([32, 16, 2, 2]), torch.Size([32]), torch.Size([32, 32, 3, 3]), torch.Size([32]), torch.Size([64, 32, 4, 4]), torch.Size([64]), torch.Size([64, 32, 2, 2]), torch.Size([64]), torch.Size([64, 64, 3, 3]), torch.Size([64]), torch.Size([1000, 4096]), torch.Size([1000]), torch.Size([256, 1000]), torch.Size([256])]
INFO     2024-08-08 18:16:20,141 Optimizer Adam (
Parameter Group 0
    amsgrad: False
    betas: (0.9, 0.999)
    eps: 1e-08
    lr: 0.0005
    maximize: False
    weight_decay: 0
)
INFO     2024-08-08 18:16:20,141 Epoch 1, learning rate [0.0005], dir mnist_pdq_ep1_aug2
INFO     2024-08-08 18:17:35,774 Arguments: Namespace(debug=False, verify=False, load='', config='config/mnist.crown-ibp.json', device='cuda', log_interval=1000, seed=None, dir='mnist_pdq_ep1_aug2', model='resnet', loss_fusion=False, num_epochs=70, auto_load=False, method='fast', test_interval=1, plot=False, bound_type='IBP', natural=False, check_nan=False, w_scale_cls=100, multi_gpu=False, no_loss_fusion=False, save_all=False, model_params='', mode='cert', eval=False, complete=False, random_crop=2, num_class=10, no_data_aug=False, test_batch_size=None, batch_size=None, eps=0.0039, min_eps=0, init_eps=None, fix_eps=False, scheduler_name='SmoothedScheduler', scheduler_opts='start=1,length=20', train_eps_mul=1.0, lr=0.0005, lr_decay_factor=0.2, lr_decay_milestones='50,60', opt='Adam', momentum=0.9, grad_norm=10.0, weight_decay=0, grad_acc_steps=1, loss='ce', ls=0.0, reg_obj=['relu', 'tightness'], reg_lambda=0.5, reg=True, vol_reg=False, colt_coeff=0, xiao_reg=False, xiao_coeff=1e-05, l1_coeff=1e-05, min_eps_reg=1e-06, tol=0.5, num_reg_epochs=20, no_reg_dec=False, manual_init=True, init_method='ibp', kaiming_init=False, no_init=False, length=None, lip=False, global_lip=False)
INFO     2024-08-08 18:17:35,774 Loading config file: config/mnist.crown-ibp.json
INFO     2024-08-08 18:17:35,774 config: {"data": "MNIST", "seed": 100, "training_params": {"method": "robust", "batch_size": 64, "num_epochs": 30, "scheduler_name": "SmoothedScheduler", "scheduler_opts": "start=2,length=5", "lr_decay_factor": 0.5, "lr_decay_milestones": ""}, "bound_params": {"eps": 0.0, "bound_opts": {"relu": "adaptive", "exp": "clamp_constant"}, "bound_type": "CROWN-IBP"}, "model": "resnet", "batch_size": 64}
INFO     2024-08-08 18:17:35,789 Model structure: 
 DenseSequential(
  (0): Conv2d(1, 16, kernel_size=(3, 3), stride=(1, 1), padding=(3, 3))
  (1): ReLU()
  (2): Dense(
    (Ws): ModuleList(
      (0): Conv2d(16, 16, kernel_size=(3, 3), stride=(1, 1), padding=(1, 1))
    )
  )
  (3): ReLU()
  (4): Dense(
    (Ws): ModuleList(
      (0): Conv2d(16, 16, kernel_size=(1, 1), stride=(1, 1))
      (1): None
      (2): Conv2d(16, 16, kernel_size=(3, 3), stride=(1, 1), padding=(1, 1))
    )
  )
  (5): ReLU()
  (6): Dense(
    (Ws): ModuleList(
      (0): Conv2d(16, 16, kernel_size=(3, 3), stride=(1, 1), padding=(1, 1))
    )
  )
  (7): ReLU()
  (8): Dense(
    (Ws): ModuleList(
      (0): Conv2d(16, 16, kernel_size=(1, 1), stride=(1, 1))
      (1): None
      (2): Conv2d(16, 16, kernel_size=(3, 3), stride=(1, 1), padding=(1, 1))
    )
  )
  (9): ReLU()
  (10): Dense(
    (Ws): ModuleList(
      (0): Conv2d(16, 32, kernel_size=(4, 4), stride=(2, 2), padding=(1, 1))
    )
  )
  (11): ReLU()
  (12): Dense(
    (Ws): ModuleList(
      (0): Conv2d(16, 32, kernel_size=(2, 2), stride=(2, 2))
      (1): None
      (2): Conv2d(32, 32, kernel_size=(3, 3), stride=(1, 1), padding=(1, 1))
    )
  )
  (13): ReLU()
  (14): Dense(
    (Ws): ModuleList(
      (0): Conv2d(32, 64, kernel_size=(4, 4), stride=(2, 2), padding=(1, 1))
    )
  )
  (15): ReLU()
  (16): Dense(
    (Ws): ModuleList(
      (0): Conv2d(32, 64, kernel_size=(2, 2), stride=(2, 2))
      (1): None
      (2): Conv2d(64, 64, kernel_size=(3, 3), stride=(1, 1), padding=(1, 1))
    )
  )
  (17): ReLU()
  (18): Flatten(start_dim=1, end_dim=-1)
  (19): Linear(in_features=4096, out_features=1000, bias=True)
  (20): ReLU()
  (21): Linear(in_features=1000, out_features=256, bias=True)
)
INFO     2024-08-08 18:17:39,177 Parameter shapes: [torch.Size([16, 1, 3, 3]), torch.Size([16]), torch.Size([16, 16, 3, 3]), torch.Size([16]), torch.Size([16, 16, 1, 1]), torch.Size([16]), torch.Size([16, 16, 3, 3]), torch.Size([16]), torch.Size([16, 16, 3, 3]), torch.Size([16]), torch.Size([16, 16, 1, 1]), torch.Size([16]), torch.Size([16, 16, 3, 3]), torch.Size([16]), torch.Size([32, 16, 4, 4]), torch.Size([32]), torch.Size([32, 16, 2, 2]), torch.Size([32]), torch.Size([32, 32, 3, 3]), torch.Size([32]), torch.Size([64, 32, 4, 4]), torch.Size([64]), torch.Size([64, 32, 2, 2]), torch.Size([64]), torch.Size([64, 64, 3, 3]), torch.Size([64]), torch.Size([1000, 4096]), torch.Size([1000]), torch.Size([256, 1000]), torch.Size([256])]
INFO     2024-08-08 18:17:39,177 Optimizer Adam (
Parameter Group 0
    amsgrad: False
    betas: (0.9, 0.999)
    eps: 1e-08
    lr: 0.0005
    maximize: False
    weight_decay: 0
)
INFO     2024-08-08 18:17:39,177 Epoch 1, learning rate [0.0005], dir mnist_pdq_ep1_aug2
INFO     2024-08-08 18:19:52,562 Arguments: Namespace(debug=False, verify=False, load='', config='config/mnist.crown-ibp.json', device='cuda', log_interval=1000, seed=None, dir='mnist_pdq_ep1_aug2', model='resnet', loss_fusion=False, num_epochs=70, auto_load=False, method='fast', test_interval=1, plot=False, bound_type='IBP', natural=False, check_nan=False, w_scale_cls=100, multi_gpu=False, no_loss_fusion=False, save_all=False, model_params='', mode='cert', eval=False, complete=False, random_crop=2, num_class=10, no_data_aug=False, test_batch_size=None, batch_size=None, eps=0.0039, min_eps=0, init_eps=None, fix_eps=False, scheduler_name='SmoothedScheduler', scheduler_opts='start=1,length=20', train_eps_mul=1.0, lr=0.0005, lr_decay_factor=0.2, lr_decay_milestones='50,60', opt='Adam', momentum=0.9, grad_norm=10.0, weight_decay=0, grad_acc_steps=1, loss='ce', ls=0.0, reg_obj=['relu', 'tightness'], reg_lambda=0.5, reg=True, vol_reg=False, colt_coeff=0, xiao_reg=False, xiao_coeff=1e-05, l1_coeff=1e-05, min_eps_reg=1e-06, tol=0.5, num_reg_epochs=20, no_reg_dec=False, manual_init=True, init_method='ibp', kaiming_init=False, no_init=False, length=None, lip=False, global_lip=False)
INFO     2024-08-08 18:19:52,562 Loading config file: config/mnist.crown-ibp.json
INFO     2024-08-08 18:19:52,562 config: {"data": "MNIST", "seed": 100, "training_params": {"method": "robust", "batch_size": 64, "num_epochs": 30, "scheduler_name": "SmoothedScheduler", "scheduler_opts": "start=2,length=5", "lr_decay_factor": 0.5, "lr_decay_milestones": ""}, "bound_params": {"eps": 0.0, "bound_opts": {"relu": "adaptive", "exp": "clamp_constant"}, "bound_type": "CROWN-IBP"}, "model": "resnet", "batch_size": 64}
INFO     2024-08-08 18:19:52,577 Model structure: 
 DenseSequential(
  (0): Conv2d(1, 16, kernel_size=(3, 3), stride=(1, 1), padding=(3, 3))
  (1): ReLU()
  (2): Dense(
    (Ws): ModuleList(
      (0): Conv2d(16, 16, kernel_size=(3, 3), stride=(1, 1), padding=(1, 1))
    )
  )
  (3): ReLU()
  (4): Dense(
    (Ws): ModuleList(
      (0): Conv2d(16, 16, kernel_size=(1, 1), stride=(1, 1))
      (1): None
      (2): Conv2d(16, 16, kernel_size=(3, 3), stride=(1, 1), padding=(1, 1))
    )
  )
  (5): ReLU()
  (6): Dense(
    (Ws): ModuleList(
      (0): Conv2d(16, 16, kernel_size=(3, 3), stride=(1, 1), padding=(1, 1))
    )
  )
  (7): ReLU()
  (8): Dense(
    (Ws): ModuleList(
      (0): Conv2d(16, 16, kernel_size=(1, 1), stride=(1, 1))
      (1): None
      (2): Conv2d(16, 16, kernel_size=(3, 3), stride=(1, 1), padding=(1, 1))
    )
  )
  (9): ReLU()
  (10): Dense(
    (Ws): ModuleList(
      (0): Conv2d(16, 32, kernel_size=(4, 4), stride=(2, 2), padding=(1, 1))
    )
  )
  (11): ReLU()
  (12): Dense(
    (Ws): ModuleList(
      (0): Conv2d(16, 32, kernel_size=(2, 2), stride=(2, 2))
      (1): None
      (2): Conv2d(32, 32, kernel_size=(3, 3), stride=(1, 1), padding=(1, 1))
    )
  )
  (13): ReLU()
  (14): Dense(
    (Ws): ModuleList(
      (0): Conv2d(32, 64, kernel_size=(4, 4), stride=(2, 2), padding=(1, 1))
    )
  )
  (15): ReLU()
  (16): Dense(
    (Ws): ModuleList(
      (0): Conv2d(32, 64, kernel_size=(2, 2), stride=(2, 2))
      (1): None
      (2): Conv2d(64, 64, kernel_size=(3, 3), stride=(1, 1), padding=(1, 1))
    )
  )
  (17): ReLU()
  (18): Flatten(start_dim=1, end_dim=-1)
  (19): Linear(in_features=4096, out_features=1000, bias=True)
  (20): ReLU()
  (21): Linear(in_features=1000, out_features=256, bias=True)
)
INFO     2024-08-08 18:19:55,967 Parameter shapes: [torch.Size([16, 1, 3, 3]), torch.Size([16]), torch.Size([16, 16, 3, 3]), torch.Size([16]), torch.Size([16, 16, 1, 1]), torch.Size([16]), torch.Size([16, 16, 3, 3]), torch.Size([16]), torch.Size([16, 16, 3, 3]), torch.Size([16]), torch.Size([16, 16, 1, 1]), torch.Size([16]), torch.Size([16, 16, 3, 3]), torch.Size([16]), torch.Size([32, 16, 4, 4]), torch.Size([32]), torch.Size([32, 16, 2, 2]), torch.Size([32]), torch.Size([32, 32, 3, 3]), torch.Size([32]), torch.Size([64, 32, 4, 4]), torch.Size([64]), torch.Size([64, 32, 2, 2]), torch.Size([64]), torch.Size([64, 64, 3, 3]), torch.Size([64]), torch.Size([1000, 4096]), torch.Size([1000]), torch.Size([256, 1000]), torch.Size([256])]
INFO     2024-08-08 18:19:55,967 Optimizer Adam (
Parameter Group 0
    amsgrad: False
    betas: (0.9, 0.999)
    eps: 1e-08
    lr: 0.0005
    maximize: False
    weight_decay: 0
)
INFO     2024-08-08 18:19:55,967 Epoch 1, learning rate [0.0005], dir mnist_pdq_ep1_aug2
INFO     2024-08-08 18:20:46,687 [ 1]: eps=0.00000048 active=0.4330 inactive=0.5668 CE=0.4680 Rob_Loss=0.4680 Err=0.9979 Rob_Err=0.9979 L_tightness=0.0360 L_relu=0.0004 L_std=0.8868 loss_reg=0.0363 Loss=0.4862 grad_norm=0.6442 wnorm=12.1994 Time=0.0267
INFO     2024-08-08 18:20:46,689 Epoch time: 50.7212, Total time: 50.7212
INFO     2024-08-08 18:20:46,689 Test without loss fusion
INFO     2024-08-08 18:20:48,375 [ 1]: eps=0.00000048 active=0.3983 inactive=0.6017 CE=0.4647 Rob_Loss=0.4647 Err=0.9976 Rob_Err=0.9976 L_tightness=0.0000 L_relu=0.0000 L_std=0.8797 loss_reg=0.0000 Loss=0.4647 wnorm=12.9452 Time=0.0083
INFO     2024-08-08 18:20:48,426 
INFO     2024-08-08 18:20:48,426 Epoch 2, learning rate [0.0005], dir mnist_pdq_ep1_aug2
INFO     2024-08-08 18:21:28,415 [ 2]: eps=0.00000766 active=0.4058 inactive=0.5942 CE=0.4667 Rob_Loss=0.4667 Err=0.9970 Rob_Err=0.9970 L_tightness=0.0000 L_relu=0.0005 L_std=0.8779 loss_reg=0.0005 Loss=0.4670 grad_norm=0.6145 wnorm=14.5080 Time=0.0241
INFO     2024-08-08 18:21:28,416 Epoch time: 39.9899, Total time: 90.7111
INFO     2024-08-08 18:21:28,416 Test without loss fusion
INFO     2024-08-08 18:21:29,967 [ 2]: eps=0.00000766 active=0.3949 inactive=0.6051 CE=0.4660 Rob_Loss=0.4660 Err=0.9971 Rob_Err=0.9971 L_tightness=0.0000 L_relu=0.0000 L_std=0.8710 loss_reg=0.0000 Loss=0.4660 wnorm=19.1578 Time=0.0077
INFO     2024-08-08 18:21:30,068 
INFO     2024-08-08 18:21:30,069 Epoch 3, learning rate [0.0005], dir mnist_pdq_ep1_aug2
INFO     2024-08-08 18:22:05,801 [ 3]: eps=0.00003882 active=0.3940 inactive=0.6059 CE=0.4664 Rob_Loss=0.4664 Err=0.9968 Rob_Err=0.9968 L_tightness=0.0001 L_relu=0.0003 L_std=0.8863 loss_reg=0.0004 Loss=0.4666 grad_norm=0.4933 wnorm=19.2083 Time=0.0239
INFO     2024-08-08 18:22:05,803 Epoch time: 35.7339, Total time: 126.4450
INFO     2024-08-08 18:22:05,803 Test without loss fusion
INFO     2024-08-08 18:22:07,358 [ 3]: eps=0.00003882 active=0.3790 inactive=0.6209 CE=0.4645 Rob_Loss=0.4645 Err=0.9966 Rob_Err=0.9966 L_tightness=0.0000 L_relu=0.0000 L_std=0.8869 loss_reg=0.0000 Loss=0.4645 wnorm=19.4587 Time=0.0077
INFO     2024-08-08 18:22:07,456 
INFO     2024-08-08 18:22:07,456 Epoch 4, learning rate [0.0005], dir mnist_pdq_ep1_aug2
INFO     2024-08-08 18:22:43,179 [ 4]: eps=0.00012275 active=0.3899 inactive=0.6099 CE=0.4669 Rob_Loss=0.4669 Err=0.9971 Rob_Err=0.9971 L_tightness=0.0000 L_relu=0.0005 L_std=0.8923 loss_reg=0.0005 Loss=0.4671 grad_norm=0.5984 wnorm=20.7786 Time=0.0239
INFO     2024-08-08 18:22:43,180 Epoch time: 35.7243, Total time: 162.1693
INFO     2024-08-08 18:22:43,180 Test without loss fusion
INFO     2024-08-08 18:22:44,747 [ 4]: eps=0.00012275 active=0.3994 inactive=0.6002 CE=0.4646 Rob_Loss=0.4646 Err=0.9971 Rob_Err=0.9971 L_tightness=0.0000 L_relu=0.0000 L_std=0.8820 loss_reg=0.0000 Loss=0.4646 wnorm=21.0288 Time=0.0077
INFO     2024-08-08 18:22:44,848 
INFO     2024-08-08 18:22:44,849 Epoch 5, learning rate [0.0005], dir mnist_pdq_ep1_aug2
INFO     2024-08-08 18:23:31,167 [ 5]: eps=0.00029974 active=0.3896 inactive=0.6098 CE=0.4659 Rob_Loss=0.4659 Err=0.9958 Rob_Err=0.9958 L_tightness=0.0001 L_relu=0.0002 L_std=0.8944 loss_reg=0.0003 Loss=0.4661 grad_norm=0.4082 wnorm=21.2394 Time=0.0259
INFO     2024-08-08 18:23:31,168 Epoch time: 46.3197, Total time: 208.4890
INFO     2024-08-08 18:23:31,168 Test without loss fusion
INFO     2024-08-08 18:23:32,724 [ 5]: eps=0.00029974 active=0.4307 inactive=0.5677 CE=0.4651 Rob_Loss=0.4652 Err=0.9969 Rob_Err=0.9969 L_tightness=0.0000 L_relu=0.0001 L_std=0.8953 loss_reg=0.0001 Loss=0.4652 wnorm=22.0157 Time=0.0077
INFO     2024-08-08 18:23:32,828 
INFO     2024-08-08 18:23:32,828 Epoch 6, learning rate [0.0005], dir mnist_pdq_ep1_aug2
INFO     2024-08-08 18:24:04,565 [ 6]: eps=0.00053974 active=0.3796 inactive=0.6197 CE=0.4658 Rob_Loss=0.4658 Err=0.9958 Rob_Err=0.9958 L_tightness=0.0000 L_relu=0.0001 L_std=0.8994 loss_reg=0.0001 Loss=0.4659 grad_norm=0.3519 wnorm=22.9902 Time=0.0199
INFO     2024-08-08 18:24:04,566 Epoch time: 31.7377, Total time: 240.2267
INFO     2024-08-08 18:24:04,566 Test without loss fusion
INFO     2024-08-08 18:24:06,191 [ 6]: eps=0.00053974 active=0.3554 inactive=0.6441 CE=0.4643 Rob_Loss=0.4643 Err=0.9968 Rob_Err=0.9968 L_tightness=0.0000 L_relu=0.0000 L_std=0.8987 loss_reg=0.0000 Loss=0.4643 wnorm=23.3234 Time=0.0080
INFO     2024-08-08 18:24:06,297 
INFO     2024-08-08 18:24:06,297 Epoch 7, learning rate [0.0005], dir mnist_pdq_ep1_aug2
INFO     2024-08-08 18:24:38,018 [ 7]: eps=0.00077974 active=0.3767 inactive=0.6221 CE=0.4659 Rob_Loss=0.4659 Err=0.9955 Rob_Err=0.9955 L_tightness=0.0000 L_relu=0.0003 L_std=0.9054 loss_reg=0.0003 Loss=0.4661 grad_norm=0.3845 wnorm=24.0935 Time=0.0196
INFO     2024-08-08 18:24:38,019 Epoch time: 31.7222, Total time: 271.9489
INFO     2024-08-08 18:24:38,019 Test without loss fusion
INFO     2024-08-08 18:24:39,631 [ 7]: eps=0.00077974 active=0.3959 inactive=0.6022 CE=0.4672 Rob_Loss=0.4673 Err=0.9988 Rob_Err=0.9988 L_tightness=0.0000 L_relu=0.0004 L_std=0.9032 loss_reg=0.0004 Loss=0.4674 wnorm=25.9238 Time=0.0079
INFO     2024-08-08 18:24:39,732 
INFO     2024-08-08 18:24:39,732 Epoch 8, learning rate [0.0005], dir mnist_pdq_ep1_aug2
INFO     2024-08-08 18:25:24,585 [ 8]: eps=0.00101974 active=0.3639 inactive=0.6328 CE=0.4655 Rob_Loss=0.4655 Err=0.9951 Rob_Err=0.9951 L_tightness=0.0000 L_relu=0.0001 L_std=0.9094 loss_reg=0.0001 Loss=0.4656 grad_norm=0.3347 wnorm=26.7495 Time=0.0250
INFO     2024-08-08 18:25:24,586 Epoch time: 44.8538, Total time: 316.8028
INFO     2024-08-08 18:25:24,586 Test without loss fusion
INFO     2024-08-08 18:25:26,148 [ 8]: eps=0.00101974 active=0.3631 inactive=0.6345 CE=0.4640 Rob_Loss=0.4640 Err=0.9957 Rob_Err=0.9957 L_tightness=0.0000 L_relu=0.0000 L_std=0.9089 loss_reg=0.0000 Loss=0.4640 wnorm=26.9531 Time=0.0077
INFO     2024-08-08 18:25:26,240 
INFO     2024-08-08 18:25:26,240 Epoch 9, learning rate [0.0005], dir mnist_pdq_ep1_aug2
INFO     2024-08-08 18:26:07,251 [ 9]: eps=0.00125974 active=0.3723 inactive=0.6251 CE=0.4655 Rob_Loss=0.4655 Err=0.9948 Rob_Err=0.9948 L_tightness=0.0000 L_relu=0.0003 L_std=0.9096 loss_reg=0.0003 Loss=0.4656 grad_norm=0.3611 wnorm=27.7199 Time=0.0246
INFO     2024-08-08 18:26:07,252 Epoch time: 41.0119, Total time: 357.8147
INFO     2024-08-08 18:26:07,252 Test without loss fusion
INFO     2024-08-08 18:26:08,804 [ 9]: eps=0.00125974 active=0.3757 inactive=0.6214 CE=0.4644 Rob_Loss=0.4644 Err=0.9958 Rob_Err=0.9958 L_tightness=0.0000 L_relu=0.0000 L_std=0.9080 loss_reg=0.0000 Loss=0.4644 wnorm=28.4830 Time=0.0077
INFO     2024-08-08 18:26:08,903 
INFO     2024-08-08 18:26:08,903 Epoch 10, learning rate [0.0005], dir mnist_pdq_ep1_aug2
INFO     2024-08-08 18:26:47,496 [10]: eps=0.00149974 active=0.3785 inactive=0.6164 CE=0.4655 Rob_Loss=0.4655 Err=0.9946 Rob_Err=0.9946 L_tightness=0.0000 L_relu=0.0003 L_std=0.9115 loss_reg=0.0003 Loss=0.4656 grad_norm=0.3301 wnorm=29.4165 Time=0.0242
INFO     2024-08-08 18:26:47,497 Epoch time: 38.5934, Total time: 396.4081
INFO     2024-08-08 18:26:47,497 Test without loss fusion
INFO     2024-08-08 18:26:49,048 [10]: eps=0.00149974 active=0.3705 inactive=0.6242 CE=0.4641 Rob_Loss=0.4641 Err=0.9950 Rob_Err=0.9950 L_tightness=0.0000 L_relu=0.0000 L_std=0.9100 loss_reg=0.0000 Loss=0.4641 wnorm=30.2433 Time=0.0077
INFO     2024-08-08 18:26:49,149 
INFO     2024-08-08 18:26:49,149 Epoch 11, learning rate [0.0005], dir mnist_pdq_ep1_aug2
INFO     2024-08-08 18:27:24,383 [11]: eps=0.00173974 active=0.3686 inactive=0.6272 CE=0.4653 Rob_Loss=0.4653 Err=0.9944 Rob_Err=0.9944 L_tightness=0.0000 L_relu=0.0003 L_std=0.9163 loss_reg=0.0003 Loss=0.4654 grad_norm=0.3128 wnorm=31.3299 Time=0.0236
INFO     2024-08-08 18:27:24,384 Epoch time: 35.2351, Total time: 431.6432
INFO     2024-08-08 18:27:24,384 Test without loss fusion
INFO     2024-08-08 18:27:25,933 [11]: eps=0.00173974 active=0.3469 inactive=0.6503 CE=0.4644 Rob_Loss=0.4644 Err=0.9960 Rob_Err=0.9960 L_tightness=0.0000 L_relu=0.0000 L_std=0.9150 loss_reg=0.0000 Loss=0.4644 wnorm=32.4036 Time=0.0077
INFO     2024-08-08 18:27:26,032 
INFO     2024-08-08 18:27:26,032 Epoch 12, learning rate [0.0005], dir mnist_pdq_ep1_aug2
INFO     2024-08-08 18:28:20,588 [12]: eps=0.00197974 active=0.3587 inactive=0.6365 CE=0.4652 Rob_Loss=0.4652 Err=0.9940 Rob_Err=0.9940 L_tightness=0.0000 L_relu=0.0003 L_std=0.9201 loss_reg=0.0003 Loss=0.4653 grad_norm=0.2808 wnorm=32.6724 Time=0.0278
INFO     2024-08-08 18:28:20,590 Epoch time: 54.5577, Total time: 486.2009
INFO     2024-08-08 18:28:20,590 Test without loss fusion
INFO     2024-08-08 18:28:22,587 [12]: eps=0.00197974 active=0.3602 inactive=0.6368 CE=0.4651 Rob_Loss=0.4651 Err=0.9963 Rob_Err=0.9963 L_tightness=0.0000 L_relu=0.0000 L_std=0.9162 loss_reg=0.0000 Loss=0.4651 wnorm=33.0086 Time=0.0097
INFO     2024-08-08 18:28:22,687 
INFO     2024-08-08 18:28:22,687 Epoch 13, learning rate [0.0005], dir mnist_pdq_ep1_aug2
INFO     2024-08-08 18:29:10,610 [13]: eps=0.00221974 active=0.3576 inactive=0.6334 CE=0.4653 Rob_Loss=0.4653 Err=0.9946 Rob_Err=0.9946 L_tightness=0.0000 L_relu=0.0003 L_std=0.9215 loss_reg=0.0003 Loss=0.4654 grad_norm=0.2846 wnorm=34.2467 Time=0.0262
INFO     2024-08-08 18:29:10,611 Epoch time: 47.9232, Total time: 534.1241
INFO     2024-08-08 18:29:10,611 Test without loss fusion
INFO     2024-08-08 18:29:12,163 [13]: eps=0.00221974 active=0.3582 inactive=0.6289 CE=0.4660 Rob_Loss=0.4660 Err=0.9981 Rob_Err=0.9981 L_tightness=0.0000 L_relu=0.0000 L_std=0.9188 loss_reg=0.0000 Loss=0.4660 wnorm=34.9521 Time=0.0077
INFO     2024-08-08 18:29:12,263 
INFO     2024-08-08 18:29:12,263 Epoch 14, learning rate [0.0005], dir mnist_pdq_ep1_aug2
INFO     2024-08-08 18:30:00,455 [14]: eps=0.00245974 active=0.3480 inactive=0.6448 CE=0.4650 Rob_Loss=0.4650 Err=0.9939 Rob_Err=0.9939 L_tightness=0.0000 L_relu=0.0001 L_std=0.9252 loss_reg=0.0001 Loss=0.4651 grad_norm=0.2383 wnorm=35.4588 Time=0.0262
INFO     2024-08-08 18:30:00,456 Epoch time: 48.1932, Total time: 582.3173
INFO     2024-08-08 18:30:00,456 Test without loss fusion
INFO     2024-08-08 18:30:02,008 [14]: eps=0.00245974 active=0.3390 inactive=0.6570 CE=0.4639 Rob_Loss=0.4639 Err=0.9952 Rob_Err=0.9952 L_tightness=0.0000 L_relu=0.0000 L_std=0.9240 loss_reg=0.0000 Loss=0.4639 wnorm=35.6297 Time=0.0077
INFO     2024-08-08 18:30:02,108 
INFO     2024-08-08 18:30:02,108 Epoch 15, learning rate [0.0005], dir mnist_pdq_ep1_aug2
INFO     2024-08-08 18:30:53,495 [15]: eps=0.00269974 active=0.3543 inactive=0.6399 CE=0.4653 Rob_Loss=0.4654 Err=0.9942 Rob_Err=0.9942 L_tightness=0.0000 L_relu=0.0006 L_std=0.9229 loss_reg=0.0006 Loss=0.4655 grad_norm=0.2997 wnorm=36.6403 Time=0.0270
INFO     2024-08-08 18:30:53,496 Epoch time: 51.3875, Total time: 633.7047
INFO     2024-08-08 18:30:53,496 Test without loss fusion
INFO     2024-08-08 18:30:55,050 [15]: eps=0.00269974 active=0.3531 inactive=0.6440 CE=0.4641 Rob_Loss=0.4641 Err=0.9949 Rob_Err=0.9949 L_tightness=0.0000 L_relu=0.0006 L_std=0.9223 loss_reg=0.0006 Loss=0.4642 wnorm=38.0017 Time=0.0077
INFO     2024-08-08 18:30:55,150 
INFO     2024-08-08 18:30:55,150 Epoch 16, learning rate [0.0005], dir mnist_pdq_ep1_aug2
INFO     2024-08-08 18:31:42,073 [16]: eps=0.00293974 active=0.3439 inactive=0.6464 CE=0.4650 Rob_Loss=0.4650 Err=0.9934 Rob_Err=0.9934 L_tightness=0.0000 L_relu=0.0002 L_std=0.9264 loss_reg=0.0002 Loss=0.4650 grad_norm=0.2264 wnorm=38.2075 Time=0.0260
INFO     2024-08-08 18:31:42,075 Epoch time: 46.9243, Total time: 680.6291
INFO     2024-08-08 18:31:42,075 Test without loss fusion
INFO     2024-08-08 18:31:43,644 [16]: eps=0.00293974 active=0.3926 inactive=0.5991 CE=0.4669 Rob_Loss=0.4671 Err=0.9973 Rob_Err=0.9973 L_tightness=0.0000 L_relu=0.0000 L_std=0.9253 loss_reg=0.0000 Loss=0.4671 wnorm=38.9475 Time=0.0078
INFO     2024-08-08 18:31:43,745 
INFO     2024-08-08 18:31:43,745 Epoch 17, learning rate [0.0005], dir mnist_pdq_ep1_aug2
INFO     2024-08-08 18:32:28,576 [17]: eps=0.00317974 active=0.3557 inactive=0.6393 CE=0.4649 Rob_Loss=0.4649 Err=0.9932 Rob_Err=0.9933 L_tightness=0.0000 L_relu=0.0001 L_std=0.9332 loss_reg=0.0001 Loss=0.4649 grad_norm=0.2107 wnorm=39.6397 Time=0.0253
INFO     2024-08-08 18:32:28,577 Epoch time: 44.8312, Total time: 725.4603
INFO     2024-08-08 18:32:28,577 Test without loss fusion
INFO     2024-08-08 18:32:30,144 [17]: eps=0.00317974 active=0.3436 inactive=0.6512 CE=0.4637 Rob_Loss=0.4637 Err=0.9936 Rob_Err=0.9936 L_tightness=0.0000 L_relu=0.0000 L_std=0.9319 loss_reg=0.0000 Loss=0.4637 wnorm=39.8053 Time=0.0077
INFO     2024-08-08 18:32:30,244 
INFO     2024-08-08 18:32:30,244 Epoch 18, learning rate [0.0005], dir mnist_pdq_ep1_aug2
INFO     2024-08-08 18:33:07,121 [18]: eps=0.00341974 active=0.3519 inactive=0.6360 CE=0.4649 Rob_Loss=0.4649 Err=0.9930 Rob_Err=0.9930 L_tightness=0.0000 L_relu=0.0002 L_std=0.9342 loss_reg=0.0002 Loss=0.4649 grad_norm=0.2354 wnorm=40.0802 Time=0.0247
INFO     2024-08-08 18:33:07,122 Epoch time: 36.8779, Total time: 762.3382
INFO     2024-08-08 18:33:07,122 Test without loss fusion
INFO     2024-08-08 18:33:08,726 [18]: eps=0.00341974 active=0.3501 inactive=0.6262 CE=0.4638 Rob_Loss=0.4638 Err=0.9933 Rob_Err=0.9933 L_tightness=0.0000 L_relu=0.0000 L_std=0.9311 loss_reg=0.0000 Loss=0.4638 wnorm=40.4589 Time=0.0079
INFO     2024-08-08 18:33:08,829 
INFO     2024-08-08 18:33:08,829 Epoch 19, learning rate [0.0005], dir mnist_pdq_ep1_aug2
INFO     2024-08-08 18:33:46,166 [19]: eps=0.00365974 active=0.3472 inactive=0.6300 CE=0.4646 Rob_Loss=0.4646 Err=0.9920 Rob_Err=0.9920 L_tightness=0.0000 L_relu=0.0000 L_std=0.9346 loss_reg=0.0000 Loss=0.4646 grad_norm=0.1678 wnorm=40.4899 Time=0.0251
INFO     2024-08-08 18:33:46,167 Epoch time: 37.3377, Total time: 799.6759
INFO     2024-08-08 18:33:46,167 Test without loss fusion
INFO     2024-08-08 18:33:47,768 [19]: eps=0.00365974 active=0.3389 inactive=0.6422 CE=0.4636 Rob_Loss=0.4636 Err=0.9932 Rob_Err=0.9932 L_tightness=0.0000 L_relu=0.0000 L_std=0.9337 loss_reg=0.0000 Loss=0.4636 wnorm=40.5376 Time=0.0079
INFO     2024-08-08 18:33:47,863 
INFO     2024-08-08 18:33:47,864 Epoch 20, learning rate [0.0005], dir mnist_pdq_ep1_aug2
INFO     2024-08-08 18:34:25,286 [20]: eps=0.00389974 active=0.3329 inactive=0.6461 CE=0.4645 Rob_Loss=0.4645 Err=0.9917 Rob_Err=0.9917 L_tightness=0.0000 L_relu=0.0001 L_std=0.9369 loss_reg=0.0001 Loss=0.4645 grad_norm=0.1528 wnorm=40.5579 Time=0.0251
INFO     2024-08-08 18:34:25,287 Epoch time: 37.4232, Total time: 837.0991
INFO     2024-08-08 18:34:25,287 Test without loss fusion
INFO     2024-08-08 18:34:26,893 [20]: eps=0.00389974 active=0.3233 inactive=0.6560 CE=0.4637 Rob_Loss=0.4637 Err=0.9933 Rob_Err=0.9933 L_tightness=0.0000 L_relu=0.0000 L_std=0.9350 loss_reg=0.0000 Loss=0.4637 wnorm=40.6025 Time=0.0079
INFO     2024-08-08 18:34:27,002 
INFO     2024-08-08 18:34:27,002 Epoch 21, learning rate [0.0005], dir mnist_pdq_ep1_aug2
INFO     2024-08-08 18:34:53,850 [21]: eps=0.00390000 active=0.3122 inactive=0.6656 CE=0.4644 Rob_Loss=0.4644 Err=0.9917 Rob_Err=0.9917 Loss=0.4644 grad_norm=0.1293 wnorm=40.6482 Time=0.0140
INFO     2024-08-08 18:34:53,852 Epoch time: 26.8494, Total time: 863.9485
INFO     2024-08-08 18:34:53,852 Test without loss fusion
INFO     2024-08-08 18:34:55,064 [21]: eps=0.00390000 active=0.3078 inactive=0.6716 CE=0.4636 Rob_Loss=0.4636 Err=0.9934 Rob_Err=0.9934 Loss=0.4636 wnorm=40.6944 Time=0.0055
INFO     2024-08-08 18:34:55,065 Best epoch 21, error 0.9934, robust error 0.9934
INFO     2024-08-08 18:34:55,218 
INFO     2024-08-08 18:34:55,218 Epoch 22, learning rate [0.0005], dir mnist_pdq_ep1_aug2
INFO     2024-08-08 18:35:21,894 [22]: eps=0.00390000 active=0.3000 inactive=0.6778 CE=0.4644 Rob_Loss=0.4644 Err=0.9915 Rob_Err=0.9915 Loss=0.4644 grad_norm=0.1111 wnorm=40.7307 Time=0.0139
INFO     2024-08-08 18:35:21,895 Epoch time: 26.6764, Total time: 890.6249
INFO     2024-08-08 18:35:21,895 Test without loss fusion
INFO     2024-08-08 18:35:23,297 [22]: eps=0.00390000 active=0.2930 inactive=0.6863 CE=0.4637 Rob_Loss=0.4637 Err=0.9933 Rob_Err=0.9933 Loss=0.4637 wnorm=40.7706 Time=0.0062
INFO     2024-08-08 18:35:23,297 Best epoch 22, error 0.9933, robust error 0.9933
INFO     2024-08-08 18:35:23,499 
INFO     2024-08-08 18:35:23,499 Epoch 23, learning rate [0.0005], dir mnist_pdq_ep1_aug2
INFO     2024-08-08 18:35:50,657 [23]: eps=0.00390000 active=0.2783 inactive=0.6994 CE=0.4644 Rob_Loss=0.4644 Err=0.9915 Rob_Err=0.9915 Loss=0.4644 grad_norm=0.1011 wnorm=40.8146 Time=0.0143
INFO     2024-08-08 18:35:50,658 Epoch time: 27.1588, Total time: 917.7837
INFO     2024-08-08 18:35:50,665 Test without loss fusion
INFO     2024-08-08 18:35:52,074 [23]: eps=0.00390000 active=0.2692 inactive=0.7102 CE=0.4637 Rob_Loss=0.4637 Err=0.9933 Rob_Err=0.9933 Loss=0.4637 wnorm=40.8683 Time=0.0062
INFO     2024-08-08 18:35:52,075 Best epoch 22, error 0.9933, robust error 0.9933
INFO     2024-08-08 18:35:52,173 
INFO     2024-08-08 18:35:52,174 Epoch 24, learning rate [0.0005], dir mnist_pdq_ep1_aug2
INFO     2024-08-08 18:36:21,111 [24]: eps=0.00390000 active=0.2596 inactive=0.7182 CE=0.4644 Rob_Loss=0.4644 Err=0.9914 Rob_Err=0.9914 Loss=0.4644 grad_norm=0.0952 wnorm=40.9204 Time=0.0145
INFO     2024-08-08 18:36:21,113 Epoch time: 28.9390, Total time: 946.7227
INFO     2024-08-08 18:36:21,113 Test without loss fusion
INFO     2024-08-08 18:36:22,315 [24]: eps=0.00390000 active=0.2567 inactive=0.7227 CE=0.4636 Rob_Loss=0.4636 Err=0.9929 Rob_Err=0.9929 Loss=0.4636 wnorm=40.9916 Time=0.0054
INFO     2024-08-08 18:36:22,315 Best epoch 24, error 0.9929, robust error 0.9929
INFO     2024-08-08 18:36:22,506 
INFO     2024-08-08 18:36:22,506 Epoch 25, learning rate [0.0005], dir mnist_pdq_ep1_aug2
INFO     2024-08-08 18:36:47,344 [25]: eps=0.00390000 active=0.2527 inactive=0.7251 CE=0.4643 Rob_Loss=0.4643 Err=0.9912 Rob_Err=0.9912 Loss=0.4643 grad_norm=0.0788 wnorm=41.0278 Time=0.0121
INFO     2024-08-08 18:36:47,345 Epoch time: 24.8387, Total time: 971.5613
INFO     2024-08-08 18:36:47,345 Test without loss fusion
INFO     2024-08-08 18:36:48,526 [25]: eps=0.00390000 active=0.2482 inactive=0.7311 CE=0.4635 Rob_Loss=0.4635 Err=0.9926 Rob_Err=0.9926 Loss=0.4635 wnorm=41.0850 Time=0.0053
INFO     2024-08-08 18:36:48,526 Best epoch 25, error 0.9926, robust error 0.9926
INFO     2024-08-08 18:36:48,726 
INFO     2024-08-08 18:36:48,726 Epoch 26, learning rate [0.0005], dir mnist_pdq_ep1_aug2
INFO     2024-08-08 18:37:17,012 [26]: eps=0.00390000 active=0.2442 inactive=0.7335 CE=0.4643 Rob_Loss=0.4643 Err=0.9911 Rob_Err=0.9911 Loss=0.4643 grad_norm=0.0743 wnorm=41.1269 Time=0.0144
INFO     2024-08-08 18:37:17,013 Epoch time: 28.2866, Total time: 999.8480
INFO     2024-08-08 18:37:17,013 Test without loss fusion
INFO     2024-08-08 18:37:18,352 [26]: eps=0.00390000 active=0.2433 inactive=0.7360 CE=0.4635 Rob_Loss=0.4635 Err=0.9927 Rob_Err=0.9927 Loss=0.4635 wnorm=41.1847 Time=0.0060
INFO     2024-08-08 18:37:18,352 Best epoch 25, error 0.9926, robust error 0.9926
INFO     2024-08-08 18:37:18,451 
INFO     2024-08-08 18:37:18,451 Epoch 27, learning rate [0.0005], dir mnist_pdq_ep1_aug2
INFO     2024-08-08 18:37:46,011 [27]: eps=0.00390000 active=0.2406 inactive=0.7372 CE=0.4643 Rob_Loss=0.4643 Err=0.9912 Rob_Err=0.9912 Loss=0.4643 grad_norm=0.0617 wnorm=41.2346 Time=0.0143
INFO     2024-08-08 18:37:46,012 Epoch time: 27.5610, Total time: 1027.4089
INFO     2024-08-08 18:37:46,012 Test without loss fusion
INFO     2024-08-08 18:37:47,412 [27]: eps=0.00390000 active=0.2416 inactive=0.7377 CE=0.4635 Rob_Loss=0.4635 Err=0.9925 Rob_Err=0.9925 Loss=0.4635 wnorm=41.3063 Time=0.0062
INFO     2024-08-08 18:37:47,412 Best epoch 27, error 0.9925, robust error 0.9925
INFO     2024-08-08 18:37:47,607 
INFO     2024-08-08 18:37:47,607 Epoch 28, learning rate [0.0005], dir mnist_pdq_ep1_aug2
INFO     2024-08-08 18:38:14,496 [28]: eps=0.00390000 active=0.2379 inactive=0.7399 CE=0.4643 Rob_Loss=0.4643 Err=0.9911 Rob_Err=0.9911 Loss=0.4643 grad_norm=0.0515 wnorm=41.3462 Time=0.0141
INFO     2024-08-08 18:38:14,497 Epoch time: 26.8897, Total time: 1054.2987
INFO     2024-08-08 18:38:14,497 Test without loss fusion
INFO     2024-08-08 18:38:15,678 [28]: eps=0.00390000 active=0.2376 inactive=0.7418 CE=0.4635 Rob_Loss=0.4635 Err=0.9927 Rob_Err=0.9927 Loss=0.4635 wnorm=41.3960 Time=0.0053
INFO     2024-08-08 18:38:15,678 Best epoch 27, error 0.9925, robust error 0.9925
INFO     2024-08-08 18:38:15,780 
INFO     2024-08-08 18:38:15,780 Epoch 29, learning rate [0.0005], dir mnist_pdq_ep1_aug2
INFO     2024-08-08 18:38:44,360 [29]: eps=0.00390000 active=0.2351 inactive=0.7426 CE=0.4643 Rob_Loss=0.4643 Err=0.9911 Rob_Err=0.9911 Loss=0.4643 grad_norm=0.0477 wnorm=41.4392 Time=0.0145
INFO     2024-08-08 18:38:44,361 Epoch time: 28.5808, Total time: 1082.8795
INFO     2024-08-08 18:38:44,361 Test without loss fusion
INFO     2024-08-08 18:38:45,764 [29]: eps=0.00390000 active=0.2351 inactive=0.7442 CE=0.4635 Rob_Loss=0.4635 Err=0.9923 Rob_Err=0.9923 Loss=0.4635 wnorm=41.4926 Time=0.0062
INFO     2024-08-08 18:38:45,764 Best epoch 29, error 0.9923, robust error 0.9923
INFO     2024-08-08 18:38:45,965 
INFO     2024-08-08 18:38:45,965 Epoch 30, learning rate [0.0005], dir mnist_pdq_ep1_aug2
INFO     2024-08-08 18:39:12,840 [30]: eps=0.00390000 active=0.2340 inactive=0.7438 CE=0.4643 Rob_Loss=0.4643 Err=0.9910 Rob_Err=0.9910 Loss=0.4643 grad_norm=0.0469 wnorm=41.5392 Time=0.0142
INFO     2024-08-08 18:39:12,841 Epoch time: 26.8759, Total time: 1109.7553
INFO     2024-08-08 18:39:12,841 Test without loss fusion
INFO     2024-08-08 18:39:14,245 [30]: eps=0.00390000 active=0.2347 inactive=0.7446 CE=0.4635 Rob_Loss=0.4635 Err=0.9923 Rob_Err=0.9923 Loss=0.4635 wnorm=41.5956 Time=0.0062
INFO     2024-08-08 18:39:14,246 Best epoch 29, error 0.9923, robust error 0.9923
INFO     2024-08-08 18:39:14,349 
INFO     2024-08-08 18:39:14,349 Epoch 31, learning rate [0.0005], dir mnist_pdq_ep1_aug2
INFO     2024-08-08 18:39:41,457 [31]: eps=0.00390000 active=0.2320 inactive=0.7458 CE=0.4642 Rob_Loss=0.4642 Err=0.9909 Rob_Err=0.9909 Loss=0.4642 grad_norm=0.0449 wnorm=41.6426 Time=0.0143
INFO     2024-08-08 18:39:41,458 Epoch time: 27.1093, Total time: 1136.8646
INFO     2024-08-08 18:39:41,465 Test without loss fusion
INFO     2024-08-08 18:39:42,884 [31]: eps=0.00390000 active=0.2326 inactive=0.7467 CE=0.4635 Rob_Loss=0.4635 Err=0.9923 Rob_Err=0.9923 Loss=0.4635 wnorm=41.6954 Time=0.0063
INFO     2024-08-08 18:39:42,884 Best epoch 29, error 0.9923, robust error 0.9923
INFO     2024-08-08 18:39:42,987 
INFO     2024-08-08 18:39:42,987 Epoch 32, learning rate [0.0005], dir mnist_pdq_ep1_aug2
INFO     2024-08-08 18:40:09,544 [32]: eps=0.00390000 active=0.2304 inactive=0.7474 CE=0.4642 Rob_Loss=0.4642 Err=0.9909 Rob_Err=0.9909 Loss=0.4642 grad_norm=0.0418 wnorm=41.7247 Time=0.0136
INFO     2024-08-08 18:40:09,545 Epoch time: 26.5579, Total time: 1163.4225
INFO     2024-08-08 18:40:09,546 Test without loss fusion
INFO     2024-08-08 18:40:10,737 [32]: eps=0.00390000 active=0.2311 inactive=0.7483 CE=0.4635 Rob_Loss=0.4635 Err=0.9926 Rob_Err=0.9926 Loss=0.4635 wnorm=41.7554 Time=0.0054
INFO     2024-08-08 18:40:10,737 Best epoch 29, error 0.9923, robust error 0.9923
INFO     2024-08-08 18:40:10,844 
INFO     2024-08-08 18:40:10,845 Epoch 33, learning rate [0.0005], dir mnist_pdq_ep1_aug2
INFO     2024-08-08 18:40:37,498 [33]: eps=0.00390000 active=0.2294 inactive=0.7484 CE=0.4642 Rob_Loss=0.4642 Err=0.9910 Rob_Err=0.9910 Loss=0.4642 grad_norm=0.0423 wnorm=41.7831 Time=0.0136
INFO     2024-08-08 18:40:37,499 Epoch time: 26.6537, Total time: 1190.0763
INFO     2024-08-08 18:40:37,499 Test without loss fusion
INFO     2024-08-08 18:40:38,694 [33]: eps=0.00390000 active=0.2302 inactive=0.7492 CE=0.4635 Rob_Loss=0.4635 Err=0.9925 Rob_Err=0.9925 Loss=0.4635 wnorm=41.8126 Time=0.0054
INFO     2024-08-08 18:40:38,694 Best epoch 29, error 0.9923, robust error 0.9923
INFO     2024-08-08 18:40:38,805 
INFO     2024-08-08 18:40:38,805 Epoch 34, learning rate [0.0005], dir mnist_pdq_ep1_aug2
INFO     2024-08-08 18:41:05,607 [34]: eps=0.00390000 active=0.2287 inactive=0.7490 CE=0.4642 Rob_Loss=0.4642 Err=0.9909 Rob_Err=0.9909 Loss=0.4642 grad_norm=0.0363 wnorm=41.8446 Time=0.0139
INFO     2024-08-08 18:41:05,608 Epoch time: 26.8033, Total time: 1216.8796
INFO     2024-08-08 18:41:05,608 Test without loss fusion
INFO     2024-08-08 18:41:06,793 [34]: eps=0.00390000 active=0.2295 inactive=0.7499 CE=0.4635 Rob_Loss=0.4635 Err=0.9924 Rob_Err=0.9924 Loss=0.4635 wnorm=41.8817 Time=0.0053
INFO     2024-08-08 18:41:06,793 Best epoch 29, error 0.9923, robust error 0.9923
INFO     2024-08-08 18:41:06,896 
INFO     2024-08-08 18:41:06,897 Epoch 35, learning rate [0.0005], dir mnist_pdq_ep1_aug2
INFO     2024-08-08 18:41:33,462 [35]: eps=0.00390000 active=0.2281 inactive=0.7497 CE=0.4642 Rob_Loss=0.4642 Err=0.9907 Rob_Err=0.9907 Loss=0.4642 grad_norm=0.0324 wnorm=41.9047 Time=0.0138
INFO     2024-08-08 18:41:33,463 Epoch time: 26.5665, Total time: 1243.4461
INFO     2024-08-08 18:41:33,463 Test without loss fusion
INFO     2024-08-08 18:41:34,682 [35]: eps=0.00390000 active=0.2292 inactive=0.7502 CE=0.4634 Rob_Loss=0.4634 Err=0.9920 Rob_Err=0.9920 Loss=0.4634 wnorm=41.9359 Time=0.0055
INFO     2024-08-08 18:41:34,682 Best epoch 35, error 0.9920, robust error 0.9920
INFO     2024-08-08 18:41:34,889 
INFO     2024-08-08 18:41:34,889 Epoch 36, learning rate [0.0005], dir mnist_pdq_ep1_aug2
INFO     2024-08-08 18:42:06,186 [36]: eps=0.00390000 active=0.2279 inactive=0.7499 CE=0.4642 Rob_Loss=0.4642 Err=0.9907 Rob_Err=0.9907 Loss=0.4642 grad_norm=0.0315 wnorm=41.9565 Time=0.0148
INFO     2024-08-08 18:42:06,187 Epoch time: 31.2982, Total time: 1274.7442
INFO     2024-08-08 18:42:06,187 Test without loss fusion
INFO     2024-08-08 18:42:07,370 [36]: eps=0.00390000 active=0.2291 inactive=0.7503 CE=0.4634 Rob_Loss=0.4634 Err=0.9923 Rob_Err=0.9923 Loss=0.4634 wnorm=41.9845 Time=0.0053
INFO     2024-08-08 18:42:07,370 Best epoch 35, error 0.9920, robust error 0.9920
INFO     2024-08-08 18:42:07,472 
INFO     2024-08-08 18:42:07,472 Epoch 37, learning rate [0.0005], dir mnist_pdq_ep1_aug2
INFO     2024-08-08 18:42:37,411 [37]: eps=0.00390000 active=0.2278 inactive=0.7500 CE=0.4642 Rob_Loss=0.4642 Err=0.9907 Rob_Err=0.9907 Loss=0.4642 grad_norm=0.0315 wnorm=42.0053 Time=0.0145
INFO     2024-08-08 18:42:37,412 Epoch time: 29.9392, Total time: 1304.6834
INFO     2024-08-08 18:42:37,412 Test without loss fusion
INFO     2024-08-08 18:42:38,813 [37]: eps=0.00390000 active=0.2290 inactive=0.7504 CE=0.4634 Rob_Loss=0.4634 Err=0.9922 Rob_Err=0.9922 Loss=0.4634 wnorm=42.0345 Time=0.0062
INFO     2024-08-08 18:42:38,813 Best epoch 35, error 0.9920, robust error 0.9920
INFO     2024-08-08 18:42:38,920 
INFO     2024-08-08 18:42:38,920 Epoch 38, learning rate [0.0005], dir mnist_pdq_ep1_aug2
INFO     2024-08-08 18:43:10,369 [38]: eps=0.00390000 active=0.2278 inactive=0.7500 CE=0.4642 Rob_Loss=0.4642 Err=0.9907 Rob_Err=0.9907 Loss=0.4642 grad_norm=0.0327 wnorm=42.0556 Time=0.0146
INFO     2024-08-08 18:43:10,370 Epoch time: 31.4499, Total time: 1336.1333
INFO     2024-08-08 18:43:10,370 Test without loss fusion
INFO     2024-08-08 18:43:11,777 [38]: eps=0.00390000 active=0.2290 inactive=0.7504 CE=0.4634 Rob_Loss=0.4634 Err=0.9921 Rob_Err=0.9921 Loss=0.4634 wnorm=42.0822 Time=0.0062
INFO     2024-08-08 18:43:11,777 Best epoch 35, error 0.9920, robust error 0.9920
INFO     2024-08-08 18:43:11,889 
INFO     2024-08-08 18:43:11,889 Epoch 39, learning rate [0.0005], dir mnist_pdq_ep1_aug2
INFO     2024-08-08 18:43:42,103 [39]: eps=0.00390000 active=0.2276 inactive=0.7502 CE=0.4642 Rob_Loss=0.4642 Err=0.9906 Rob_Err=0.9906 Loss=0.4642 grad_norm=0.0321 wnorm=42.1041 Time=0.0145
INFO     2024-08-08 18:43:42,105 Epoch time: 30.2160, Total time: 1366.3493
INFO     2024-08-08 18:43:42,105 Test without loss fusion
INFO     2024-08-08 18:43:43,554 [39]: eps=0.00390000 active=0.2286 inactive=0.7508 CE=0.4635 Rob_Loss=0.4635 Err=0.9923 Rob_Err=0.9923 Loss=0.4635 wnorm=42.1316 Time=0.0064
INFO     2024-08-08 18:43:43,554 Best epoch 35, error 0.9920, robust error 0.9920
INFO     2024-08-08 18:43:43,666 
INFO     2024-08-08 18:43:43,667 Epoch 40, learning rate [0.0005], dir mnist_pdq_ep1_aug2
INFO     2024-08-08 18:44:15,367 [40]: eps=0.00390000 active=0.2273 inactive=0.7505 CE=0.4642 Rob_Loss=0.4642 Err=0.9906 Rob_Err=0.9906 Loss=0.4642 grad_norm=0.0321 wnorm=42.1530 Time=0.0148
INFO     2024-08-08 18:44:15,368 Epoch time: 31.7019, Total time: 1398.0512
INFO     2024-08-08 18:44:15,369 Test without loss fusion
INFO     2024-08-08 18:44:16,619 [40]: eps=0.00390000 active=0.2285 inactive=0.7509 CE=0.4635 Rob_Loss=0.4635 Err=0.9920 Rob_Err=0.9920 Loss=0.4635 wnorm=42.1812 Time=0.0056
INFO     2024-08-08 18:44:16,619 Best epoch 35, error 0.9920, robust error 0.9920
INFO     2024-08-08 18:44:16,731 
INFO     2024-08-08 18:44:16,732 Epoch 41, learning rate [0.0005], dir mnist_pdq_ep1_aug2
INFO     2024-08-08 18:44:46,627 [41]: eps=0.00390000 active=0.2273 inactive=0.7505 CE=0.4642 Rob_Loss=0.4642 Err=0.9905 Rob_Err=0.9905 Loss=0.4642 grad_norm=0.0327 wnorm=42.2011 Time=0.0143
INFO     2024-08-08 18:44:46,628 Epoch time: 29.8963, Total time: 1427.9475
INFO     2024-08-08 18:44:46,628 Test without loss fusion
INFO     2024-08-08 18:44:48,086 [41]: eps=0.00390000 active=0.2285 inactive=0.7509 CE=0.4635 Rob_Loss=0.4635 Err=0.9921 Rob_Err=0.9921 Loss=0.4635 wnorm=42.2280 Time=0.0064
INFO     2024-08-08 18:44:48,087 Best epoch 35, error 0.9920, robust error 0.9920
INFO     2024-08-08 18:44:48,199 
INFO     2024-08-08 18:44:48,200 Epoch 42, learning rate [0.0005], dir mnist_pdq_ep1_aug2
INFO     2024-08-08 18:45:18,809 [42]: eps=0.00390000 active=0.2273 inactive=0.7505 CE=0.4642 Rob_Loss=0.4642 Err=0.9905 Rob_Err=0.9905 Loss=0.4642 grad_norm=0.0329 wnorm=42.2506 Time=0.0144
INFO     2024-08-08 18:45:18,811 Epoch time: 30.6111, Total time: 1458.5586
INFO     2024-08-08 18:45:18,811 Test without loss fusion
INFO     2024-08-08 18:45:20,175 [42]: eps=0.00390000 active=0.2285 inactive=0.7509 CE=0.4635 Rob_Loss=0.4635 Err=0.9923 Rob_Err=0.9923 Loss=0.4635 wnorm=42.2759 Time=0.0061
INFO     2024-08-08 18:45:20,175 Best epoch 35, error 0.9920, robust error 0.9920
INFO     2024-08-08 18:45:20,288 
INFO     2024-08-08 18:45:20,288 Epoch 43, learning rate [0.0005], dir mnist_pdq_ep1_aug2
INFO     2024-08-08 18:45:52,403 [43]: eps=0.00390000 active=0.2272 inactive=0.7506 CE=0.4642 Rob_Loss=0.4642 Err=0.9906 Rob_Err=0.9906 Loss=0.4642 grad_norm=0.0330 wnorm=42.2979 Time=0.0147
INFO     2024-08-08 18:45:52,405 Epoch time: 32.1166, Total time: 1490.6752
INFO     2024-08-08 18:45:52,405 Test without loss fusion
INFO     2024-08-08 18:45:53,823 [43]: eps=0.00390000 active=0.2283 inactive=0.7511 CE=0.4635 Rob_Loss=0.4635 Err=0.9921 Rob_Err=0.9921 Loss=0.4635 wnorm=42.3244 Time=0.0063
INFO     2024-08-08 18:45:53,823 Best epoch 35, error 0.9920, robust error 0.9920
INFO     2024-08-08 18:45:53,936 
INFO     2024-08-08 18:45:53,936 Epoch 44, learning rate [0.0005], dir mnist_pdq_ep1_aug2
INFO     2024-08-08 18:46:23,110 [44]: eps=0.00390000 active=0.2271 inactive=0.7507 CE=0.4642 Rob_Loss=0.4642 Err=0.9903 Rob_Err=0.9903 Loss=0.4642 grad_norm=0.0333 wnorm=42.3478 Time=0.0142
INFO     2024-08-08 18:46:23,111 Epoch time: 29.1750, Total time: 1519.8502
INFO     2024-08-08 18:46:23,111 Test without loss fusion
INFO     2024-08-08 18:46:24,333 [44]: eps=0.00390000 active=0.2283 inactive=0.7511 CE=0.4634 Rob_Loss=0.4634 Err=0.9919 Rob_Err=0.9919 Loss=0.4634 wnorm=42.3748 Time=0.0055
INFO     2024-08-08 18:46:24,333 Best epoch 44, error 0.9919, robust error 0.9919
INFO     2024-08-08 18:46:24,543 
INFO     2024-08-08 18:46:24,543 Epoch 45, learning rate [0.0005], dir mnist_pdq_ep1_aug2
INFO     2024-08-08 18:46:55,867 [45]: eps=0.00390000 active=0.2270 inactive=0.7508 CE=0.4641 Rob_Loss=0.4641 Err=0.9904 Rob_Err=0.9904 Loss=0.4641 grad_norm=0.0341 wnorm=42.3952 Time=0.0147
INFO     2024-08-08 18:46:55,868 Epoch time: 31.3248, Total time: 1551.1750
INFO     2024-08-08 18:46:55,868 Test without loss fusion
INFO     2024-08-08 18:46:57,279 [45]: eps=0.00390000 active=0.2281 inactive=0.7513 CE=0.4634 Rob_Loss=0.4634 Err=0.9920 Rob_Err=0.9920 Loss=0.4634 wnorm=42.4224 Time=0.0062
INFO     2024-08-08 18:46:57,279 Best epoch 44, error 0.9919, robust error 0.9919
INFO     2024-08-08 18:46:57,392 
INFO     2024-08-08 18:46:57,393 Epoch 46, learning rate [0.0005], dir mnist_pdq_ep1_aug2
INFO     2024-08-08 18:47:29,064 [46]: eps=0.00390000 active=0.2269 inactive=0.7509 CE=0.4641 Rob_Loss=0.4641 Err=0.9903 Rob_Err=0.9903 Loss=0.4641 grad_norm=0.0337 wnorm=42.4441 Time=0.0149
INFO     2024-08-08 18:47:29,066 Epoch time: 31.6735, Total time: 1582.8485
INFO     2024-08-08 18:47:29,066 Test without loss fusion
INFO     2024-08-08 18:47:30,327 [46]: eps=0.00390000 active=0.2281 inactive=0.7513 CE=0.4634 Rob_Loss=0.4634 Err=0.9919 Rob_Err=0.9919 Loss=0.4634 wnorm=42.4735 Time=0.0057
INFO     2024-08-08 18:47:30,327 Best epoch 44, error 0.9919, robust error 0.9919
INFO     2024-08-08 18:47:30,441 
INFO     2024-08-08 18:47:30,441 Epoch 47, learning rate [0.0005], dir mnist_pdq_ep1_aug2
INFO     2024-08-08 18:48:00,972 [47]: eps=0.00390000 active=0.2269 inactive=0.7509 CE=0.4641 Rob_Loss=0.4641 Err=0.9904 Rob_Err=0.9904 Loss=0.4641 grad_norm=0.0338 wnorm=42.4931 Time=0.0144
INFO     2024-08-08 18:48:00,973 Epoch time: 30.5323, Total time: 1613.3808
INFO     2024-08-08 18:48:00,973 Test without loss fusion
INFO     2024-08-08 18:48:02,195 [47]: eps=0.00390000 active=0.2281 inactive=0.7513 CE=0.4634 Rob_Loss=0.4634 Err=0.9918 Rob_Err=0.9918 Loss=0.4634 wnorm=42.5220 Time=0.0055
INFO     2024-08-08 18:48:02,195 Best epoch 47, error 0.9918, robust error 0.9918
INFO     2024-08-08 18:48:02,410 
INFO     2024-08-08 18:48:02,411 Epoch 48, learning rate [0.0005], dir mnist_pdq_ep1_aug2
INFO     2024-08-08 18:48:31,956 [48]: eps=0.00390000 active=0.2269 inactive=0.7509 CE=0.4641 Rob_Loss=0.4641 Err=0.9903 Rob_Err=0.9903 Loss=0.4641 grad_norm=0.0343 wnorm=42.5411 Time=0.0143
INFO     2024-08-08 18:48:31,957 Epoch time: 29.5467, Total time: 1642.9275
INFO     2024-08-08 18:48:31,957 Test without loss fusion
INFO     2024-08-08 18:48:33,183 [48]: eps=0.00390000 active=0.2281 inactive=0.7513 CE=0.4635 Rob_Loss=0.4635 Err=0.9918 Rob_Err=0.9918 Loss=0.4635 wnorm=42.5686 Time=0.0055
INFO     2024-08-08 18:48:33,183 Best epoch 47, error 0.9918, robust error 0.9918
INFO     2024-08-08 18:48:33,295 
INFO     2024-08-08 18:48:33,296 Epoch 49, learning rate [0.0005], dir mnist_pdq_ep1_aug2
INFO     2024-08-08 18:49:03,536 [49]: eps=0.00390000 active=0.2268 inactive=0.7510 CE=0.4641 Rob_Loss=0.4641 Err=0.9903 Rob_Err=0.9903 Loss=0.4641 grad_norm=0.0345 wnorm=42.5873 Time=0.0144
INFO     2024-08-08 18:49:03,537 Epoch time: 30.2417, Total time: 1673.1692
INFO     2024-08-08 18:49:03,537 Test without loss fusion
INFO     2024-08-08 18:49:04,947 [49]: eps=0.00390000 active=0.2280 inactive=0.7514 CE=0.4634 Rob_Loss=0.4634 Err=0.9921 Rob_Err=0.9921 Loss=0.4634 wnorm=42.6157 Time=0.0062
INFO     2024-08-08 18:49:04,947 Best epoch 47, error 0.9918, robust error 0.9918
INFO     2024-08-08 18:49:05,059 
INFO     2024-08-08 18:49:05,060 Epoch 50, learning rate [0.0005], dir mnist_pdq_ep1_aug2
INFO     2024-08-08 18:49:34,512 [50]: eps=0.00390000 active=0.2268 inactive=0.7510 CE=0.4641 Rob_Loss=0.4641 Err=0.9903 Rob_Err=0.9903 Loss=0.4641 grad_norm=0.0354 wnorm=42.6362 Time=0.0142
INFO     2024-08-08 18:49:34,513 Epoch time: 29.4529, Total time: 1702.6221
INFO     2024-08-08 18:49:34,513 Test without loss fusion
INFO     2024-08-08 18:49:35,918 [50]: eps=0.00390000 active=0.2280 inactive=0.7514 CE=0.4634 Rob_Loss=0.4634 Err=0.9919 Rob_Err=0.9919 Loss=0.4634 wnorm=42.6624 Time=0.0062
INFO     2024-08-08 18:49:35,918 Best epoch 47, error 0.9918, robust error 0.9918
INFO     2024-08-08 18:49:36,031 
INFO     2024-08-08 18:49:36,032 Epoch 51, learning rate [0.0001], dir mnist_pdq_ep1_aug2
INFO     2024-08-08 18:50:06,418 [51]: eps=0.00390000 active=0.2268 inactive=0.7510 CE=0.4639 Rob_Loss=0.4639 Err=0.9895 Rob_Err=0.9895 Loss=0.4639 grad_norm=0.0350 wnorm=42.6731 Time=0.0147
INFO     2024-08-08 18:50:06,419 Epoch time: 30.3871, Total time: 1733.0092
INFO     2024-08-08 18:50:06,419 Test without loss fusion
INFO     2024-08-08 18:50:07,821 [51]: eps=0.00390000 active=0.2280 inactive=0.7514 CE=0.4633 Rob_Loss=0.4633 Err=0.9909 Rob_Err=0.9909 Loss=0.4633 wnorm=42.6804 Time=0.0062
INFO     2024-08-08 18:50:07,821 Best epoch 51, error 0.9909, robust error 0.9909
INFO     2024-08-08 18:50:08,036 
INFO     2024-08-08 18:50:08,036 Epoch 52, learning rate [0.0001], dir mnist_pdq_ep1_aug2
INFO     2024-08-08 18:50:38,062 [52]: eps=0.00390000 active=0.2268 inactive=0.7510 CE=0.4639 Rob_Loss=0.4639 Err=0.9892 Rob_Err=0.9892 Loss=0.4639 grad_norm=0.0345 wnorm=42.6829 Time=0.0144
INFO     2024-08-08 18:50:38,063 Epoch time: 30.0272, Total time: 1763.0364
INFO     2024-08-08 18:50:38,064 Test without loss fusion
INFO     2024-08-08 18:50:39,468 [52]: eps=0.00390000 active=0.2280 inactive=0.7514 CE=0.4632 Rob_Loss=0.4632 Err=0.9907 Rob_Err=0.9907 Loss=0.4632 wnorm=42.6867 Time=0.0062
INFO     2024-08-08 18:50:39,468 Best epoch 52, error 0.9907, robust error 0.9907
INFO     2024-08-08 18:50:39,683 
INFO     2024-08-08 18:50:39,683 Epoch 53, learning rate [0.0001], dir mnist_pdq_ep1_aug2
INFO     2024-08-08 18:51:10,050 [53]: eps=0.00390000 active=0.2268 inactive=0.7510 CE=0.4639 Rob_Loss=0.4639 Err=0.9891 Rob_Err=0.9891 Loss=0.4639 grad_norm=0.0350 wnorm=42.6884 Time=0.0146
INFO     2024-08-08 18:51:10,051 Epoch time: 30.3676, Total time: 1793.4040
INFO     2024-08-08 18:51:10,051 Test without loss fusion
INFO     2024-08-08 18:51:11,450 [53]: eps=0.00390000 active=0.2280 inactive=0.7514 CE=0.4632 Rob_Loss=0.4632 Err=0.9907 Rob_Err=0.9907 Loss=0.4632 wnorm=42.6920 Time=0.0062
INFO     2024-08-08 18:51:11,450 Best epoch 52, error 0.9907, robust error 0.9907
INFO     2024-08-08 18:51:11,562 
INFO     2024-08-08 18:51:11,562 Epoch 54, learning rate [0.0001], dir mnist_pdq_ep1_aug2
INFO     2024-08-08 18:51:41,054 [54]: eps=0.00390000 active=0.2268 inactive=0.7510 CE=0.4639 Rob_Loss=0.4639 Err=0.9891 Rob_Err=0.9891 Loss=0.4639 grad_norm=0.0355 wnorm=42.6934 Time=0.0145
INFO     2024-08-08 18:51:41,055 Epoch time: 29.4931, Total time: 1822.8971
INFO     2024-08-08 18:51:41,055 Test without loss fusion
INFO     2024-08-08 18:51:42,278 [54]: eps=0.00390000 active=0.2280 inactive=0.7514 CE=0.4632 Rob_Loss=0.4632 Err=0.9907 Rob_Err=0.9907 Loss=0.4632 wnorm=42.6962 Time=0.0055
INFO     2024-08-08 18:51:42,278 Best epoch 52, error 0.9907, robust error 0.9907
INFO     2024-08-08 18:51:42,405 
INFO     2024-08-08 18:51:42,405 Epoch 55, learning rate [0.0001], dir mnist_pdq_ep1_aug2
INFO     2024-08-08 18:52:11,858 [55]: eps=0.00390000 active=0.2268 inactive=0.7510 CE=0.4639 Rob_Loss=0.4639 Err=0.9890 Rob_Err=0.9890 Loss=0.4639 grad_norm=0.0353 wnorm=42.6975 Time=0.0142
INFO     2024-08-08 18:52:11,859 Epoch time: 29.4538, Total time: 1852.3510
INFO     2024-08-08 18:52:11,859 Test without loss fusion
INFO     2024-08-08 18:52:13,267 [55]: eps=0.00390000 active=0.2280 inactive=0.7514 CE=0.4632 Rob_Loss=0.4632 Err=0.9905 Rob_Err=0.9905 Loss=0.4632 wnorm=42.7009 Time=0.0062
INFO     2024-08-08 18:52:13,268 Best epoch 55, error 0.9905, robust error 0.9905
INFO     2024-08-08 18:52:13,483 
INFO     2024-08-08 18:52:13,483 Epoch 56, learning rate [0.0001], dir mnist_pdq_ep1_aug2
INFO     2024-08-08 18:52:43,582 [56]: eps=0.00390000 active=0.2268 inactive=0.7510 CE=0.4639 Rob_Loss=0.4639 Err=0.9890 Rob_Err=0.9890 Loss=0.4639 grad_norm=0.0350 wnorm=42.7015 Time=0.0142
INFO     2024-08-08 18:52:43,583 Epoch time: 30.1000, Total time: 1882.4510
INFO     2024-08-08 18:52:43,583 Test without loss fusion
INFO     2024-08-08 18:52:44,759 [56]: eps=0.00390000 active=0.2280 inactive=0.7514 CE=0.4632 Rob_Loss=0.4632 Err=0.9905 Rob_Err=0.9905 Loss=0.4632 wnorm=42.7037 Time=0.0053
INFO     2024-08-08 18:52:44,759 Best epoch 55, error 0.9905, robust error 0.9905
INFO     2024-08-08 18:52:44,866 
INFO     2024-08-08 18:52:44,866 Epoch 57, learning rate [0.0001], dir mnist_pdq_ep1_aug2
INFO     2024-08-08 18:53:10,513 [57]: eps=0.00390000 active=0.2268 inactive=0.7510 CE=0.4639 Rob_Loss=0.4639 Err=0.9890 Rob_Err=0.9890 Loss=0.4639 grad_norm=0.0346 wnorm=42.7050 Time=0.0131
INFO     2024-08-08 18:53:10,514 Epoch time: 25.6477, Total time: 1908.0987
INFO     2024-08-08 18:53:10,514 Test without loss fusion
INFO     2024-08-08 18:53:11,690 [57]: eps=0.00390000 active=0.2280 inactive=0.7514 CE=0.4633 Rob_Loss=0.4633 Err=0.9906 Rob_Err=0.9906 Loss=0.4633 wnorm=42.7077 Time=0.0053
INFO     2024-08-08 18:53:11,690 Best epoch 55, error 0.9905, robust error 0.9905
INFO     2024-08-08 18:53:11,792 
INFO     2024-08-08 18:53:11,792 Epoch 58, learning rate [0.0001], dir mnist_pdq_ep1_aug2
INFO     2024-08-08 18:53:37,428 [58]: eps=0.00390000 active=0.2268 inactive=0.7510 CE=0.4639 Rob_Loss=0.4639 Err=0.9890 Rob_Err=0.9890 Loss=0.4639 grad_norm=0.0356 wnorm=42.7086 Time=0.0131
INFO     2024-08-08 18:53:37,429 Epoch time: 25.6364, Total time: 1933.7350
INFO     2024-08-08 18:53:37,429 Test without loss fusion
INFO     2024-08-08 18:53:38,604 [58]: eps=0.00390000 active=0.2280 inactive=0.7514 CE=0.4632 Rob_Loss=0.4632 Err=0.9905 Rob_Err=0.9905 Loss=0.4632 wnorm=42.7108 Time=0.0053
INFO     2024-08-08 18:53:38,604 Best epoch 55, error 0.9905, robust error 0.9905
INFO     2024-08-08 18:53:38,706 
INFO     2024-08-08 18:53:38,706 Epoch 59, learning rate [0.0001], dir mnist_pdq_ep1_aug2
INFO     2024-08-08 18:54:04,359 [59]: eps=0.00390000 active=0.2268 inactive=0.7510 CE=0.4639 Rob_Loss=0.4639 Err=0.9890 Rob_Err=0.9890 Loss=0.4639 grad_norm=0.0355 wnorm=42.7120 Time=0.0132
INFO     2024-08-08 18:54:04,360 Epoch time: 25.6539, Total time: 1959.3890
INFO     2024-08-08 18:54:04,360 Test without loss fusion
INFO     2024-08-08 18:54:05,535 [59]: eps=0.00390000 active=0.2280 inactive=0.7514 CE=0.4632 Rob_Loss=0.4632 Err=0.9905 Rob_Err=0.9905 Loss=0.4632 wnorm=42.7145 Time=0.0053
INFO     2024-08-08 18:54:05,535 Best epoch 55, error 0.9905, robust error 0.9905
INFO     2024-08-08 18:54:05,641 
INFO     2024-08-08 18:54:05,642 Epoch 60, learning rate [0.0001], dir mnist_pdq_ep1_aug2
INFO     2024-08-08 18:54:32,197 [60]: eps=0.00390000 active=0.2268 inactive=0.7510 CE=0.4639 Rob_Loss=0.4639 Err=0.9890 Rob_Err=0.9890 Loss=0.4639 grad_norm=0.0350 wnorm=42.7155 Time=0.0137
INFO     2024-08-08 18:54:32,198 Epoch time: 26.5559, Total time: 1985.9449
INFO     2024-08-08 18:54:32,198 Test without loss fusion
INFO     2024-08-08 18:54:33,374 [60]: eps=0.00390000 active=0.2280 inactive=0.7514 CE=0.4632 Rob_Loss=0.4632 Err=0.9906 Rob_Err=0.9906 Loss=0.4632 wnorm=42.7179 Time=0.0053
INFO     2024-08-08 18:54:33,374 Best epoch 55, error 0.9905, robust error 0.9905
INFO     2024-08-08 18:54:33,475 
INFO     2024-08-08 18:54:33,476 Epoch 61, learning rate [2e-05], dir mnist_pdq_ep1_aug2
INFO     2024-08-08 18:55:03,157 [61]: eps=0.00390000 active=0.2268 inactive=0.7510 CE=0.4638 Rob_Loss=0.4638 Err=0.9889 Rob_Err=0.9889 Loss=0.4638 grad_norm=0.0359 wnorm=42.7201 Time=0.0143
INFO     2024-08-08 18:55:03,159 Epoch time: 29.6827, Total time: 2015.6276
INFO     2024-08-08 18:55:03,159 Test without loss fusion
INFO     2024-08-08 18:55:04,352 [61]: eps=0.00390000 active=0.2280 inactive=0.7514 CE=0.4632 Rob_Loss=0.4632 Err=0.9904 Rob_Err=0.9904 Loss=0.4632 wnorm=42.7213 Time=0.0054
INFO     2024-08-08 18:55:04,353 Best epoch 61, error 0.9904, robust error 0.9904
INFO     2024-08-08 18:55:04,548 
INFO     2024-08-08 18:55:04,548 Epoch 62, learning rate [2e-05], dir mnist_pdq_ep1_aug2
INFO     2024-08-08 18:55:41,066 [62]: eps=0.00390000 active=0.2268 inactive=0.7510 CE=0.4638 Rob_Loss=0.4638 Err=0.9888 Rob_Err=0.9888 Loss=0.4638 grad_norm=0.0339 wnorm=42.7218 Time=0.0157
INFO     2024-08-08 18:55:41,067 Epoch time: 36.5186, Total time: 2052.1462
INFO     2024-08-08 18:55:41,067 Test without loss fusion
INFO     2024-08-08 18:55:42,243 [62]: eps=0.00390000 active=0.2280 inactive=0.7514 CE=0.4632 Rob_Loss=0.4632 Err=0.9904 Rob_Err=0.9904 Loss=0.4632 wnorm=42.7223 Time=0.0053
INFO     2024-08-08 18:55:42,243 Best epoch 61, error 0.9904, robust error 0.9904
INFO     2024-08-08 18:55:42,344 
INFO     2024-08-08 18:55:42,344 Epoch 63, learning rate [2e-05], dir mnist_pdq_ep1_aug2
INFO     2024-08-08 18:56:24,093 [63]: eps=0.00390000 active=0.2268 inactive=0.7510 CE=0.4638 Rob_Loss=0.4638 Err=0.9888 Rob_Err=0.9888 Loss=0.4638 grad_norm=0.0352 wnorm=42.7225 Time=0.0169
INFO     2024-08-08 18:56:24,094 Epoch time: 41.7493, Total time: 2093.8955
INFO     2024-08-08 18:56:24,094 Test without loss fusion
INFO     2024-08-08 18:56:25,271 [63]: eps=0.00390000 active=0.2280 inactive=0.7514 CE=0.4632 Rob_Loss=0.4632 Err=0.9904 Rob_Err=0.9904 Loss=0.4632 wnorm=42.7231 Time=0.0053
INFO     2024-08-08 18:56:25,271 Best epoch 61, error 0.9904, robust error 0.9904
INFO     2024-08-08 18:56:25,372 
INFO     2024-08-08 18:56:25,372 Epoch 64, learning rate [2e-05], dir mnist_pdq_ep1_aug2
INFO     2024-08-08 18:57:03,346 [64]: eps=0.00390000 active=0.2268 inactive=0.7510 CE=0.4638 Rob_Loss=0.4638 Err=0.9888 Rob_Err=0.9888 Loss=0.4638 grad_norm=0.0357 wnorm=42.7233 Time=0.0160
INFO     2024-08-08 18:57:03,347 Epoch time: 37.9748, Total time: 2131.8703
INFO     2024-08-08 18:57:03,347 Test without loss fusion
INFO     2024-08-08 18:57:04,521 [64]: eps=0.00390000 active=0.2280 inactive=0.7514 CE=0.4632 Rob_Loss=0.4632 Err=0.9904 Rob_Err=0.9904 Loss=0.4632 wnorm=42.7236 Time=0.0053
INFO     2024-08-08 18:57:04,522 Best epoch 61, error 0.9904, robust error 0.9904
INFO     2024-08-08 18:57:04,624 
INFO     2024-08-08 18:57:04,624 Epoch 65, learning rate [2e-05], dir mnist_pdq_ep1_aug2
INFO     2024-08-08 18:57:45,911 [65]: eps=0.00390000 active=0.2268 inactive=0.7510 CE=0.4638 Rob_Loss=0.4638 Err=0.9888 Rob_Err=0.9888 Loss=0.4638 grad_norm=0.0372 wnorm=42.7238 Time=0.0168
INFO     2024-08-08 18:57:45,912 Epoch time: 41.2883, Total time: 2173.1587
INFO     2024-08-08 18:57:45,912 Test without loss fusion
INFO     2024-08-08 18:57:47,209 [65]: eps=0.00390000 active=0.2280 inactive=0.7514 CE=0.4632 Rob_Loss=0.4632 Err=0.9904 Rob_Err=0.9904 Loss=0.4632 wnorm=42.7242 Time=0.0058
INFO     2024-08-08 18:57:47,209 Best epoch 61, error 0.9904, robust error 0.9904
INFO     2024-08-08 18:57:47,315 
INFO     2024-08-08 18:57:47,315 Epoch 66, learning rate [2e-05], dir mnist_pdq_ep1_aug2
INFO     2024-08-08 18:58:15,946 [66]: eps=0.00390000 active=0.2268 inactive=0.7510 CE=0.4638 Rob_Loss=0.4638 Err=0.9888 Rob_Err=0.9888 Loss=0.4638 grad_norm=0.0356 wnorm=42.7243 Time=0.0143
INFO     2024-08-08 18:58:15,947 Epoch time: 28.6320, Total time: 2201.7907
INFO     2024-08-08 18:58:15,947 Test without loss fusion
INFO     2024-08-08 18:58:17,346 [66]: eps=0.00390000 active=0.2280 inactive=0.7514 CE=0.4632 Rob_Loss=0.4632 Err=0.9904 Rob_Err=0.9904 Loss=0.4632 wnorm=42.7246 Time=0.0062
INFO     2024-08-08 18:58:17,347 Best epoch 61, error 0.9904, robust error 0.9904
INFO     2024-08-08 18:58:17,450 
INFO     2024-08-08 18:58:17,451 Epoch 67, learning rate [2e-05], dir mnist_pdq_ep1_aug2
INFO     2024-08-08 18:58:58,007 [67]: eps=0.00390000 active=0.2268 inactive=0.7510 CE=0.4638 Rob_Loss=0.4638 Err=0.9888 Rob_Err=0.9888 Loss=0.4638 grad_norm=0.0366 wnorm=42.7247 Time=0.0166
INFO     2024-08-08 18:58:58,008 Epoch time: 40.5569, Total time: 2242.3476
INFO     2024-08-08 18:58:58,008 Test without loss fusion
INFO     2024-08-08 18:58:59,177 [67]: eps=0.00390000 active=0.2280 inactive=0.7514 CE=0.4632 Rob_Loss=0.4632 Err=0.9904 Rob_Err=0.9904 Loss=0.4632 wnorm=42.7251 Time=0.0053
INFO     2024-08-08 18:58:59,177 Best epoch 61, error 0.9904, robust error 0.9904
INFO     2024-08-08 18:58:59,278 
INFO     2024-08-08 18:58:59,279 Epoch 68, learning rate [2e-05], dir mnist_pdq_ep1_aug2
INFO     2024-08-08 18:59:25,688 [68]: eps=0.00390000 active=0.2268 inactive=0.7510 CE=0.4638 Rob_Loss=0.4638 Err=0.9888 Rob_Err=0.9888 Loss=0.4638 grad_norm=0.0355 wnorm=42.7252 Time=0.0139
INFO     2024-08-08 18:59:25,689 Epoch time: 26.4096, Total time: 2268.7572
INFO     2024-08-08 18:59:25,689 Test without loss fusion
INFO     2024-08-08 18:59:27,083 [68]: eps=0.00390000 active=0.2280 inactive=0.7514 CE=0.4632 Rob_Loss=0.4632 Err=0.9904 Rob_Err=0.9904 Loss=0.4632 wnorm=42.7256 Time=0.0061
INFO     2024-08-08 18:59:27,083 Best epoch 61, error 0.9904, robust error 0.9904
INFO     2024-08-08 18:59:27,189 
INFO     2024-08-08 18:59:27,190 Epoch 69, learning rate [2e-05], dir mnist_pdq_ep1_aug2
INFO     2024-08-08 18:59:53,505 [69]: eps=0.00390000 active=0.2268 inactive=0.7510 CE=0.4638 Rob_Loss=0.4638 Err=0.9888 Rob_Err=0.9888 Loss=0.4638 grad_norm=0.0354 wnorm=42.7256 Time=0.0139
INFO     2024-08-08 18:59:53,506 Epoch time: 26.3162, Total time: 2295.0734
INFO     2024-08-08 18:59:53,506 Test without loss fusion
INFO     2024-08-08 18:59:54,902 [69]: eps=0.00390000 active=0.2280 inactive=0.7514 CE=0.4632 Rob_Loss=0.4632 Err=0.9904 Rob_Err=0.9904 Loss=0.4632 wnorm=42.7259 Time=0.0062
INFO     2024-08-08 18:59:54,902 Best epoch 61, error 0.9904, robust error 0.9904
INFO     2024-08-08 18:59:55,008 
INFO     2024-08-08 18:59:55,009 Epoch 70, learning rate [2e-05], dir mnist_pdq_ep1_aug2
INFO     2024-08-08 19:00:21,385 [70]: eps=0.00390000 active=0.2268 inactive=0.7510 CE=0.4638 Rob_Loss=0.4638 Err=0.9888 Rob_Err=0.9888 Loss=0.4638 grad_norm=0.0353 wnorm=42.7260 Time=0.0139
INFO     2024-08-08 19:00:21,386 Epoch time: 26.3773, Total time: 2321.4506
INFO     2024-08-08 19:00:21,386 Test without loss fusion
INFO     2024-08-08 19:00:22,780 [70]: eps=0.00390000 active=0.2280 inactive=0.7514 CE=0.4632 Rob_Loss=0.4632 Err=0.9904 Rob_Err=0.9904 Loss=0.4632 wnorm=42.7263 Time=0.0061
INFO     2024-08-08 19:00:22,780 Best epoch 61, error 0.9904, robust error 0.9904
INFO     2024-08-08 19:00:22,887 
